hb-dist      1      1      1      3     87      3     87     -8.1000      5.6550      5.0000
hb-angl      1      1      1      1      2      3     87      2      3     87    161.7460      1.5000
hb-angl      1      2      1      1     86     87      3     86     87      3    142.3055      1.5000
hb-dihd      1      2      1      1      2      3     87     86      2      3     87     86     79.6526      0.1500
hb-dihd      1      2      1      1     87      3      2      4     87      3      2      4     43.6537      0.1500
hb-dihd      1      2      1      1      3     87     86     88      3     87     86     88     69.7519      0.1500
hb-dist      2      1      1      6     84      6     84     -8.1000      5.6550      5.0000
hb-angl      2      3      1      1      5      6     84      5      6     84    161.7460      1.5000
hb-angl      2      4      1      1     83     84      6     83     84      6    142.3055      1.5000
hb-dihd      2      4      1      1      5      6     84     83      5      6     84     83     79.6526      0.1500
hb-dihd      2      4      1      1     84      6      5      7     84      6      5      7     43.6537      0.1500
hb-dihd      2      4      1      1      6     84     83     85      6     84     83     85     69.7519      0.1500
hb-dist      3      1      1      9     81      9     81     -8.1000      5.6550      5.0000
hb-angl      3      5      1      1      8      9     81      8      9     81    161.7460      1.5000
hb-angl      3      6      1      1     80     81      9     80     81      9    142.3055      1.5000
hb-dihd      3      6      1      1      8      9     81     80      8      9     81     80     79.6526      0.1500
hb-dihd      3      6      1      1     81      9      8     10     81      9      8     10     43.6537      0.1500
hb-dihd      3      6      1      1      9     81     80     82      9     81     80     82     69.7519      0.1500
hb-dist      4      1      1     12     78     12     78     -8.1000      5.6550      5.0000
hb-angl      4      7      1      1     11     12     78     11     12     78    142.3055      1.5000
hb-angl      4      8      1      1     77     78     12     77     78     12    161.7460      1.5000
hb-dihd      4      8      1      1     11     12     78     77     11     12     78     77     79.6526      0.1500
hb-dihd      4      8      1      1     78     12     11     13     78     12     11     13     69.7519      0.1500
hb-dihd      4      8      1      1     12     78     77     79     12     78     77     79     43.6537      0.1500
hb-dist      5      1      1     15     75     15     75     -5.4000      5.8815      5.0000
hb-angl      5      9      1      1     14     15     75     14     15     75    143.9098      1.5000
hb-angl      5     10      1      1     74     75     15     74     75     15    156.3201      1.5000
hb-dihd      5     10      1      1     14     15     75     74     14     15     75     74     71.9578      0.1500
hb-dihd      5     10      1      1     75     15     14     16     75     15     14     16     67.3054      0.1500
hb-dihd      5     10      1      1     15     75     74     76     15     75     74     76     54.6888      0.1500
hb-dist      6      1      1     18     72     18     72     -8.1000      5.6550      5.0000
hb-angl      6     11      1      1     17     18     72     17     18     72    161.7460      1.5000
hb-angl      6     12      1      1     71     72     18     71     72     18    142.3055      1.5000
hb-dihd      6     12      1      1     17     18     72     71     17     18     72     71     79.6526      0.1500
hb-dihd      6     12      1      1     72     18     17     19     72     18     17     19     43.6537      0.1500
hb-dihd      6     12      1      1     18     72     71     73     18     72     71     73     69.7519      0.1500
hb-dist      7      1      1     33     57     33     57     -5.4000      5.8815      5.0000
hb-angl      7     13      1      1     32     33     57     32     33     57    143.9098      1.5000
hb-angl      7     14      1      1     56     57     33     56     57     33    156.3201      1.5000
hb-dihd      7     14      1      1     32     33     57     56     32     33     57     56     71.9578      0.1500
hb-dihd      7     14      1      1     57     33     32     34     57     33     32     34     67.3054      0.1500
hb-dihd      7     14      1      1     33     57     56     58     33     57     56     58     54.6888      0.1500
hb-dist      8      1      1     36     54     36     54     -8.1000      5.6550      5.0000
hb-angl      8     15      1      1     35     36     54     35     36     54    142.3055      1.5000
hb-angl      8     16      1      1     53     54     36     53     54     36    161.7460      1.5000
hb-dihd      8     16      1      1     35     36     54     53     35     36     54     53     79.6526      0.1500
hb-dihd      8     16      1      1     54     36     35     37     54     36     35     37     69.7519      0.1500
hb-dihd      8     16      1      1     36     54     53     55     36     54     53     55     43.6537      0.1500
hb-dist      9      1      1     21     69     21     69     -5.4000      5.0465      5.0000
hb-angl      9     17      1      1     20     21     69     20     21     69    116.3046      1.5000
hb-angl      9     18      1      1     68     69     21     68     69     21    160.3327      1.5000
hb-dihd      9     18      1      1     20     21     69     68     20     21     69     68     40.8755      0.1500
hb-dihd      9     18      1      1     69     21     20     22     69     21     20     22     82.7988      0.1500
hb-dihd      9     18      1      1     21     69     68     70     21     69     68     70     70.2605      0.1500
hb-dist     10      1      1     24     66     24     66     -5.4000      5.1310      5.0000
hb-angl     10     19      1      1     23     24     66     23     24     66    153.6642      1.5000
hb-angl     10     20      1      1     65     66     24     65     66     24    111.8607      1.5000
hb-dihd     10     20      1      1     23     24     66     65     23     24     66     65     43.9973      0.1500
hb-dihd     10     20      1      1     66     24     23     25     66     24     23     25     47.6344      0.1500
hb-dihd     10     20      1      1     24     66     65     67     24     66     65     67     83.0981      0.1500
hb-dist     11      1      1     27     63     27     63     -5.4000      5.2933      5.0000
hb-angl     11     21      1      1     26     27     63     26     27     63    162.1466      1.5000
hb-angl     11     22      1      1     62     63     27     62     63     27    117.3029      1.5000
hb-dihd     11     22      1      1     26     27     63     62     26     27     63     62     62.4339      0.1500
hb-dihd     11     22      1      1     63     27     26     28     63     27     26     28     49.5813      0.1500
hb-dihd     11     22      1      1     27     63     62     64     27     63     62     64     49.0815      0.1500
hb-dist     12      1      1     50     39     50     39     -2.7000      6.4414      5.0000
hb-angl     12     23      1      1     52     50     39     52     50     39    107.7430      1.5000
hb-angl     12     24      1      1     38     39     50     38     39     50    149.6252      1.5000
hb-dihd     12     24      1      1     52     50     39     38     52     50     39     38    117.9604      0.1500
hb-dihd     12     24      1      1     39     50     52     53     39     50     52     53    -50.9406      0.1500
hb-dihd     12     24      1      1     50     39     38     40     50     39     38     40     16.2487      0.1500
hb-dist     13      1      1     60     30     60     30     -2.7000      6.3363      5.0000
hb-angl     13     25      1      1     59     60     30     59     60     30    134.7644      1.5000
hb-angl     13     26      1      1     29     30     60     29     30     60    160.9862      1.5000
hb-dihd     13     26      1      1     59     60     30     29     59     60     30     29     80.6929      0.1500
hb-dihd     13     26      1      1     30     60     59     61     30     60     59     61     62.2942      0.1500
hb-dihd     13     26      1      1     60     30     29     31     60     30     29     31     24.3322      0.1500
hb-dist     14      1      1     57     15     57     15     -5.4000      5.8815      5.0000
hb-angl     14     27      1      1     56     57     15     56     57     15    156.3201      1.5000
hb-angl     14     28      1      1     14     15     57     14     15     57    143.9098      1.5000
hb-dihd     14     28      1      1     56     57     15     14     56     57     15     14     71.9578      0.1500
hb-dihd     14     28      1      1     15     57     56     58     15     57     56     58     54.6888      0.1500
hb-dihd     14     28      1      1     57     15     14     16     57     15     14     16     67.3054      0.1500
hb-dist     15      1      1     57     21     57     21     -5.4000      5.8815      5.0000
hb-angl     15     29      1      1     56     57     21     56     57     21    156.3201      1.5000
hb-angl     15     30      1      1     20     21     57     20     21     57    143.9098      1.5000
hb-dihd     15     30      1      1     56     57     21     20     56     57     21     20     71.9578      0.1500
hb-dihd     15     30      1      1     21     57     56     58     21     57     56     58     54.6888      0.1500
hb-dihd     15     30      1      1     57     21     20     22     57     21     20     22     67.3054      0.1500
hb-dist     16      1      1     57     24     57     24     -5.4000      5.8815      5.0000
hb-angl     16     31      1      1     56     57     24     56     57     24    156.3201      1.5000
hb-angl     16     32      1      1     23     24     57     23     24     57    143.9098      1.5000
hb-dihd     16     32      1      1     56     57     24     23     56     57     24     23     71.9578      0.1500
hb-dihd     16     32      1      1     24     57     56     58     24     57     56     58     54.6888      0.1500
hb-dihd     16     32      1      1     57     24     23     25     57     24     23     25     67.3054      0.1500
hb-dist     17      1      1     57     27     57     27     -5.4000      5.8815      5.0000
hb-angl     17     33      1      1     56     57     27     56     57     27    156.3201      1.5000
hb-angl     17     34      1      1     26     27     57     26     27     57    143.9098      1.5000
hb-dihd     17     34      1      1     56     57     27     26     56     57     27     26     71.9578      0.1500
hb-dihd     17     34      1      1     27     57     56     58     27     57     56     58     54.6888      0.1500
hb-dihd     17     34      1      1     57     27     26     28     57     27     26     28     67.3054      0.1500
hb-dist     18      1      1     57     30     57     30     -5.4000      5.8815      5.0000
hb-angl     18     35      1      1     56     57     30     56     57     30    156.3201      1.5000
hb-angl     18     36      1      1     29     30     57     29     30     57    143.9098      1.5000
hb-dihd     18     36      1      1     56     57     30     29     56     57     30     29     71.9578      0.1500
hb-dihd     18     36      1      1     30     57     56     58     30     57     56     58     54.6888      0.1500
hb-dihd     18     36      1      1     57     30     29     31     57     30     29     31     67.3054      0.1500
hb-dist     19      1      1     57     39     57     39     -5.4000      5.8815      5.0000
hb-angl     19     37      1      1     56     57     39     56     57     39    156.3201      1.5000
hb-angl     19     38      1      1     38     39     57     38     39     57    143.9098      1.5000
hb-dihd     19     38      1      1     56     57     39     38     56     57     39     38     71.9578      0.1500
hb-dihd     19     38      1      1     39     57     56     58     39     57     56     58     54.6888      0.1500
hb-dihd     19     38      1      1     57     39     38     40     57     39     38     40     67.3054      0.1500
hb-dist     20      1      1     75     21     75     21     -5.4000      5.8815      5.0000
hb-angl     20     39      1      1     74     75     21     74     75     21    156.3201      1.5000
hb-angl     20     40      1      1     20     21     75     20     21     75    143.9098      1.5000
hb-dihd     20     40      1      1     74     75     21     20     74     75     21     20     71.9578      0.1500
hb-dihd     20     40      1      1     21     75     74     76     21     75     74     76     54.6888      0.1500
hb-dihd     20     40      1      1     75     21     20     22     75     21     20     22     67.3054      0.1500
hb-dist     21      1      1     75     24     75     24     -5.4000      5.8815      5.0000
hb-angl     21     41      1      1     74     75     24     74     75     24    156.3201      1.5000
hb-angl     21     42      1      1     23     24     75     23     24     75    143.9098      1.5000
hb-dihd     21     42      1      1     74     75     24     23     74     75     24     23     71.9578      0.1500
hb-dihd     21     42      1      1     24     75     74     76     24     75     74     76     54.6888      0.1500
hb-dihd     21     42      1      1     75     24     23     25     75     24     23     25     67.3054      0.1500
hb-dist     22      1      1     75     27     75     27     -5.4000      5.8815      5.0000
hb-angl     22     43      1      1     74     75     27     74     75     27    156.3201      1.5000
hb-angl     22     44      1      1     26     27     75     26     27     75    143.9098      1.5000
hb-dihd     22     44      1      1     74     75     27     26     74     75     27     26     71.9578      0.1500
hb-dihd     22     44      1      1     27     75     74     76     27     75     74     76     54.6888      0.1500
hb-dihd     22     44      1      1     75     27     26     28     75     27     26     28     67.3054      0.1500
hb-dist     23      1      1     75     30     75     30     -5.4000      5.8815      5.0000
hb-angl     23     45      1      1     74     75     30     74     75     30    156.3201      1.5000
hb-angl     23     46      1      1     29     30     75     29     30     75    143.9098      1.5000
hb-dihd     23     46      1      1     74     75     30     29     74     75     30     29     71.9578      0.1500
hb-dihd     23     46      1      1     30     75     74     76     30     75     74     76     54.6888      0.1500
hb-dihd     23     46      1      1     75     30     29     31     75     30     29     31     67.3054      0.1500
hb-dist     24      1      1     75     33     75     33     -5.4000      5.8815      5.0000
hb-angl     24     47      1      1     74     75     33     74     75     33    156.3201      1.5000
hb-angl     24     48      1      1     32     33     75     32     33     75    143.9098      1.5000
hb-dihd     24     48      1      1     74     75     33     32     74     75     33     32     71.9578      0.1500
hb-dihd     24     48      1      1     33     75     74     76     33     75     74     76     54.6888      0.1500
hb-dihd     24     48      1      1     75     33     32     34     75     33     32     34     67.3054      0.1500
hb-dist     25      1      1     75     39     75     39     -5.4000      5.8815      5.0000
hb-angl     25     49      1      1     74     75     39     74     75     39    156.3201      1.5000
hb-angl     25     50      1      1     38     39     75     38     39     75    143.9098      1.5000
hb-dihd     25     50      1      1     74     75     39     38     74     75     39     38     71.9578      0.1500
hb-dihd     25     50      1      1     39     75     74     76     39     75     74     76     54.6888      0.1500
hb-dihd     25     50      1      1     75     39     38     40     75     39     38     40     67.3054      0.1500
hb-dist     26      1      1     75     51     75     51     -5.4000      5.8815      5.0000
hb-angl     26     51      1      1     74     75     51     74     75     51    156.3201      1.5000
hb-angl     26     52      1      1     50     51     75     50     51     75    143.9098      1.5000
hb-dihd     26     52      1      1     74     75     51     50     74     75     51     50     71.9578      0.1500
hb-dihd     26     52      1      1     51     75     74     76     51     75     74     76     54.6888      0.1500
hb-dihd     26     52      1      1     75     51     50     52     75     51     50     52     67.3054      0.1500
hb-dist     27      1      1      3     36      3     36     -8.1000      5.6550      5.0000
hb-angl     27     53      1      1      2      3     36      2      3     36    161.7460      1.5000
hb-angl     27     54      1      1     35     36      3     35     36      3    142.3055      1.5000
hb-dihd     27     54      1      1      2      3     36     35      2      3     36     35     79.6526      0.1500
hb-dihd     27     54      1      1     36      3      2      4     36      3      2      4     43.6537      0.1500
hb-dihd     27     54      1      1      3     36     35     37      3     36     35     37     69.7519      0.1500
hb-dist     28      1      1      3     42      3     42     -8.1000      5.6550      5.0000
hb-angl     28     55      1      1      2      3     42      2      3     42    161.7460      1.5000
hb-angl     28     56      1      1     41     42      3     41     42      3    142.3055      1.5000
hb-dihd     28     56      1      1      2      3     42     41      2      3     42     41     79.6526      0.1500
hb-dihd     28     56      1      1     42      3      2      4     42      3      2      4     43.6537      0.1500
hb-dihd     28     56      1      1      3     42     41     43      3     42     41     43     69.7519      0.1500
hb-dist     29      1      1      3     48      3     48     -8.1000      5.6550      5.0000
hb-angl     29     57      1      1      2      3     48      2      3     48    161.7460      1.5000
hb-angl     29     58      1      1     47     48      3     47     48      3    142.3055      1.5000
hb-dihd     29     58      1      1      2      3     48     47      2      3     48     47     79.6526      0.1500
hb-dihd     29     58      1      1     48      3      2      4     48      3      2      4     43.6537      0.1500
hb-dihd     29     58      1      1      3     48     47     49      3     48     47     49     69.7519      0.1500
hb-dist     30      1      1      3     60      3     60     -8.1000      5.6550      5.0000
hb-angl     30     59      1      1      2      3     60      2      3     60    161.7460      1.5000
hb-angl     30     60      1      1     59     60      3     59     60      3    142.3055      1.5000
hb-dihd     30     60      1      1      2      3     60     59      2      3     60     59     79.6526      0.1500
hb-dihd     30     60      1      1     60      3      2      4     60      3      2      4     43.6537      0.1500
hb-dihd     30     60      1      1      3     60     59     61      3     60     59     61     69.7519      0.1500
hb-dist     31      1      1      3     72      3     72     -8.1000      5.6550      5.0000
hb-angl     31     61      1      1      2      3     72      2      3     72    161.7460      1.5000
hb-angl     31     62      1      1     71     72      3     71     72      3    142.3055      1.5000
hb-dihd     31     62      1      1      2      3     72     71      2      3     72     71     79.6526      0.1500
hb-dihd     31     62      1      1     72      3      2      4     72      3      2      4     43.6537      0.1500
hb-dihd     31     62      1      1      3     72     71     73      3     72     71     73     69.7519      0.1500
hb-dist     32      1      1      3     81      3     81     -8.1000      5.6550      5.0000
hb-angl     32     63      1      1      2      3     81      2      3     81    161.7460      1.5000
hb-angl     32     64      1      1     80     81      3     80     81      3    142.3055      1.5000
hb-dihd     32     64      1      1      2      3     81     80      2      3     81     80     79.6526      0.1500
hb-dihd     32     64      1      1     81      3      2      4     81      3      2      4     43.6537      0.1500
hb-dihd     32     64      1      1      3     81     80     82      3     81     80     82     69.7519      0.1500
hb-dist     33      1      1      3     84      3     84     -8.1000      5.6550      5.0000
hb-angl     33     65      1      1      2      3     84      2      3     84    161.7460      1.5000
hb-angl     33     66      1      1     83     84      3     83     84      3    142.3055      1.5000
hb-dihd     33     66      1      1      2      3     84     83      2      3     84     83     79.6526      0.1500
hb-dihd     33     66      1      1     84      3      2      4     84      3      2      4     43.6537      0.1500
hb-dihd     33     66      1      1      3     84     83     85      3     84     83     85     69.7519      0.1500
hb-dist     34      1      1      3     90      3     90     -8.1000      5.6550      5.0000
hb-angl     34     67      1      1      2      3     90      2      3     90    161.7460      1.5000
hb-angl     34     68      1      1     89     90      3     89     90      3    142.3055      1.5000
hb-dihd     34     68      1      1      2      3     90     89      2      3     90     89     79.6526      0.1500
hb-dihd     34     68      1      1     90      3      2      4     90      3      2      4     43.6537      0.1500
hb-dihd     34     68      1      1      3     90     89     91      3     90     89     91     69.7519      0.1500
hb-dist     35      1      1      6     36      6     36     -8.1000      5.6550      5.0000
hb-angl     35     69      1      1      5      6     36      5      6     36    161.7460      1.5000
hb-angl     35     70      1      1     35     36      6     35     36      6    142.3055      1.5000
hb-dihd     35     70      1      1      5      6     36     35      5      6     36     35     79.6526      0.1500
hb-dihd     35     70      1      1     36      6      5      7     36      6      5      7     43.6537      0.1500
hb-dihd     35     70      1      1      6     36     35     37      6     36     35     37     69.7519      0.1500
hb-dist     36      1      1      6     42      6     42     -8.1000      5.6550      5.0000
hb-angl     36     71      1      1      5      6     42      5      6     42    161.7460      1.5000
hb-angl     36     72      1      1     41     42      6     41     42      6    142.3055      1.5000
hb-dihd     36     72      1      1      5      6     42     41      5      6     42     41     79.6526      0.1500
hb-dihd     36     72      1      1     42      6      5      7     42      6      5      7     43.6537      0.1500
hb-dihd     36     72      1      1      6     42     41     43      6     42     41     43     69.7519      0.1500
hb-dist     37      1      1      6     48      6     48     -8.1000      5.6550      5.0000
hb-angl     37     73      1      1      5      6     48      5      6     48    161.7460      1.5000
hb-angl     37     74      1      1     47     48      6     47     48      6    142.3055      1.5000
hb-dihd     37     74      1      1      5      6     48     47      5      6     48     47     79.6526      0.1500
hb-dihd     37     74      1      1     48      6      5      7     48      6      5      7     43.6537      0.1500
hb-dihd     37     74      1      1      6     48     47     49      6     48     47     49     69.7519      0.1500
hb-dist     38      1      1      6     60      6     60     -8.1000      5.6550      5.0000
hb-angl     38     75      1      1      5      6     60      5      6     60    161.7460      1.5000
hb-angl     38     76      1      1     59     60      6     59     60      6    142.3055      1.5000
hb-dihd     38     76      1      1      5      6     60     59      5      6     60     59     79.6526      0.1500
hb-dihd     38     76      1      1     60      6      5      7     60      6      5      7     43.6537      0.1500
hb-dihd     38     76      1      1      6     60     59     61      6     60     59     61     69.7519      0.1500
hb-dist     39      1      1      6     72      6     72     -8.1000      5.6550      5.0000
hb-angl     39     77      1      1      5      6     72      5      6     72    161.7460      1.5000
hb-angl     39     78      1      1     71     72      6     71     72      6    142.3055      1.5000
hb-dihd     39     78      1      1      5      6     72     71      5      6     72     71     79.6526      0.1500
hb-dihd     39     78      1      1     72      6      5      7     72      6      5      7     43.6537      0.1500
hb-dihd     39     78      1      1      6     72     71     73      6     72     71     73     69.7519      0.1500
hb-dist     40      1      1      6     81      6     81     -8.1000      5.6550      5.0000
hb-angl     40     79      1      1      5      6     81      5      6     81    161.7460      1.5000
hb-angl     40     80      1      1     80     81      6     80     81      6    142.3055      1.5000
hb-dihd     40     80      1      1      5      6     81     80      5      6     81     80     79.6526      0.1500
hb-dihd     40     80      1      1     81      6      5      7     81      6      5      7     43.6537      0.1500
hb-dihd     40     80      1      1      6     81     80     82      6     81     80     82     69.7519      0.1500
hb-dist     41      1      1      6     87      6     87     -8.1000      5.6550      5.0000
hb-angl     41     81      1      1      5      6     87      5      6     87    161.7460      1.5000
hb-angl     41     82      1      1     86     87      6     86     87      6    142.3055      1.5000
hb-dihd     41     82      1      1      5      6     87     86      5      6     87     86     79.6526      0.1500
hb-dihd     41     82      1      1     87      6      5      7     87      6      5      7     43.6537      0.1500
hb-dihd     41     82      1      1      6     87     86     88      6     87     86     88     69.7519      0.1500
hb-dist     42      1      1      6     90      6     90     -8.1000      5.6550      5.0000
hb-angl     42     83      1      1      5      6     90      5      6     90    161.7460      1.5000
hb-angl     42     84      1      1     89     90      6     89     90      6    142.3055      1.5000
hb-dihd     42     84      1      1      5      6     90     89      5      6     90     89     79.6526      0.1500
hb-dihd     42     84      1      1     90      6      5      7     90      6      5      7     43.6537      0.1500
hb-dihd     42     84      1      1      6     90     89     91      6     90     89     91     69.7519      0.1500
hb-dist     43      1      1      9     36      9     36     -8.1000      5.6550      5.0000
hb-angl     43     85      1      1      8      9     36      8      9     36    161.7460      1.5000
hb-angl     43     86      1      1     35     36      9     35     36      9    142.3055      1.5000
hb-dihd     43     86      1      1      8      9     36     35      8      9     36     35     79.6526      0.1500
hb-dihd     43     86      1      1     36      9      8     10     36      9      8     10     43.6537      0.1500
hb-dihd     43     86      1      1      9     36     35     37      9     36     35     37     69.7519      0.1500
hb-dist     44      1      1      9     42      9     42     -8.1000      5.6550      5.0000
hb-angl     44     87      1      1      8      9     42      8      9     42    161.7460      1.5000
hb-angl     44     88      1      1     41     42      9     41     42      9    142.3055      1.5000
hb-dihd     44     88      1      1      8      9     42     41      8      9     42     41     79.6526      0.1500
hb-dihd     44     88      1      1     42      9      8     10     42      9      8     10     43.6537      0.1500
hb-dihd     44     88      1      1      9     42     41     43      9     42     41     43     69.7519      0.1500
hb-dist     45      1      1      9     48      9     48     -8.1000      5.6550      5.0000
hb-angl     45     89      1      1      8      9     48      8      9     48    161.7460      1.5000
hb-angl     45     90      1      1     47     48      9     47     48      9    142.3055      1.5000
hb-dihd     45     90      1      1      8      9     48     47      8      9     48     47     79.6526      0.1500
hb-dihd     45     90      1      1     48      9      8     10     48      9      8     10     43.6537      0.1500
hb-dihd     45     90      1      1      9     48     47     49      9     48     47     49     69.7519      0.1500
hb-dist     46      1      1      9     60      9     60     -8.1000      5.6550      5.0000
hb-angl     46     91      1      1      8      9     60      8      9     60    161.7460      1.5000
hb-angl     46     92      1      1     59     60      9     59     60      9    142.3055      1.5000
hb-dihd     46     92      1      1      8      9     60     59      8      9     60     59     79.6526      0.1500
hb-dihd     46     92      1      1     60      9      8     10     60      9      8     10     43.6537      0.1500
hb-dihd     46     92      1      1      9     60     59     61      9     60     59     61     69.7519      0.1500
hb-dist     47      1      1      9     72      9     72     -8.1000      5.6550      5.0000
hb-angl     47     93      1      1      8      9     72      8      9     72    161.7460      1.5000
hb-angl     47     94      1      1     71     72      9     71     72      9    142.3055      1.5000
hb-dihd     47     94      1      1      8      9     72     71      8      9     72     71     79.6526      0.1500
hb-dihd     47     94      1      1     72      9      8     10     72      9      8     10     43.6537      0.1500
hb-dihd     47     94      1      1      9     72     71     73      9     72     71     73     69.7519      0.1500
hb-dist     48      1      1      9     84      9     84     -8.1000      5.6550      5.0000
hb-angl     48     95      1      1      8      9     84      8      9     84    161.7460      1.5000
hb-angl     48     96      1      1     83     84      9     83     84      9    142.3055      1.5000
hb-dihd     48     96      1      1      8      9     84     83      8      9     84     83     79.6526      0.1500
hb-dihd     48     96      1      1     84      9      8     10     84      9      8     10     43.6537      0.1500
hb-dihd     48     96      1      1      9     84     83     85      9     84     83     85     69.7519      0.1500
hb-dist     49      1      1      9     87      9     87     -8.1000      5.6550      5.0000
hb-angl     49     97      1      1      8      9     87      8      9     87    161.7460      1.5000
hb-angl     49     98      1      1     86     87      9     86     87      9    142.3055      1.5000
hb-dihd     49     98      1      1      8      9     87     86      8      9     87     86     79.6526      0.1500
hb-dihd     49     98      1      1     87      9      8     10     87      9      8     10     43.6537      0.1500
hb-dihd     49     98      1      1      9     87     86     88      9     87     86     88     69.7519      0.1500
hb-dist     50      1      1      9     90      9     90     -8.1000      5.6550      5.0000
hb-angl     50     99      1      1      8      9     90      8      9     90    161.7460      1.5000
hb-angl     50    100      1      1     89     90      9     89     90      9    142.3055      1.5000
hb-dihd     50    100      1      1      8      9     90     89      8      9     90     89     79.6526      0.1500
hb-dihd     50    100      1      1     90      9      8     10     90      9      8     10     43.6537      0.1500
hb-dihd     50    100      1      1      9     90     89     91      9     90     89     91     69.7519      0.1500
hb-dist     51      1      1     18     36     18     36     -8.1000      5.6550      5.0000
hb-angl     51    101      1      1     17     18     36     17     18     36    161.7460      1.5000
hb-angl     51    102      1      1     35     36     18     35     36     18    142.3055      1.5000
hb-dihd     51    102      1      1     17     18     36     35     17     18     36     35     79.6526      0.1500
hb-dihd     51    102      1      1     36     18     17     19     36     18     17     19     43.6537      0.1500
hb-dihd     51    102      1      1     18     36     35     37     18     36     35     37     69.7519      0.1500
hb-dist     52      1      1     18     42     18     42     -8.1000      5.6550      5.0000
hb-angl     52    103      1      1     17     18     42     17     18     42    161.7460      1.5000
hb-angl     52    104      1      1     41     42     18     41     42     18    142.3055      1.5000
hb-dihd     52    104      1      1     17     18     42     41     17     18     42     41     79.6526      0.1500
hb-dihd     52    104      1      1     42     18     17     19     42     18     17     19     43.6537      0.1500
hb-dihd     52    104      1      1     18     42     41     43     18     42     41     43     69.7519      0.1500
hb-dist     53      1      1     18     48     18     48     -8.1000      5.6550      5.0000
hb-angl     53    105      1      1     17     18     48     17     18     48    161.7460      1.5000
hb-angl     53    106      1      1     47     48     18     47     48     18    142.3055      1.5000
hb-dihd     53    106      1      1     17     18     48     47     17     18     48     47     79.6526      0.1500
hb-dihd     53    106      1      1     48     18     17     19     48     18     17     19     43.6537      0.1500
hb-dihd     53    106      1      1     18     48     47     49     18     48     47     49     69.7519      0.1500
hb-dist     54      1      1     18     60     18     60     -8.1000      5.6550      5.0000
hb-angl     54    107      1      1     17     18     60     17     18     60    161.7460      1.5000
hb-angl     54    108      1      1     59     60     18     59     60     18    142.3055      1.5000
hb-dihd     54    108      1      1     17     18     60     59     17     18     60     59     79.6526      0.1500
hb-dihd     54    108      1      1     60     18     17     19     60     18     17     19     43.6537      0.1500
hb-dihd     54    108      1      1     18     60     59     61     18     60     59     61     69.7519      0.1500
hb-dist     55      1      1     18     81     18     81     -8.1000      5.6550      5.0000
hb-angl     55    109      1      1     17     18     81     17     18     81    161.7460      1.5000
hb-angl     55    110      1      1     80     81     18     80     81     18    142.3055      1.5000
hb-dihd     55    110      1      1     17     18     81     80     17     18     81     80     79.6526      0.1500
hb-dihd     55    110      1      1     81     18     17     19     81     18     17     19     43.6537      0.1500
hb-dihd     55    110      1      1     18     81     80     82     18     81     80     82     69.7519      0.1500
hb-dist     56      1      1     18     84     18     84     -8.1000      5.6550      5.0000
hb-angl     56    111      1      1     17     18     84     17     18     84    161.7460      1.5000
hb-angl     56    112      1      1     83     84     18     83     84     18    142.3055      1.5000
hb-dihd     56    112      1      1     17     18     84     83     17     18     84     83     79.6526      0.1500
hb-dihd     56    112      1      1     84     18     17     19     84     18     17     19     43.6537      0.1500
hb-dihd     56    112      1      1     18     84     83     85     18     84     83     85     69.7519      0.1500
hb-dist     57      1      1     18     87     18     87     -8.1000      5.6550      5.0000
hb-angl     57    113      1      1     17     18     87     17     18     87    161.7460      1.5000
hb-angl     57    114      1      1     86     87     18     86     87     18    142.3055      1.5000
hb-dihd     57    114      1      1     17     18     87     86     17     18     87     86     79.6526      0.1500
hb-dihd     57    114      1      1     87     18     17     19     87     18     17     19     43.6537      0.1500
hb-dihd     57    114      1      1     18     87     86     88     18     87     86     88     69.7519      0.1500
hb-dist     58      1      1     18     90     18     90     -8.1000      5.6550      5.0000
hb-angl     58    115      1      1     17     18     90     17     18     90    161.7460      1.5000
hb-angl     58    116      1      1     89     90     18     89     90     18    142.3055      1.5000
hb-dihd     58    116      1      1     17     18     90     89     17     18     90     89     79.6526      0.1500
hb-dihd     58    116      1      1     90     18     17     19     90     18     17     19     43.6537      0.1500
hb-dihd     58    116      1      1     18     90     89     91     18     90     89     91     69.7519      0.1500
hb-dist     59      1      1     45     12     45     12     -8.1000      5.6550      5.0000
hb-angl     59    117      1      1     44     45     12     44     45     12    161.7460      1.5000
hb-angl     59    118      1      1     11     12     45     11     12     45    142.3055      1.5000
hb-dihd     59    118      1      1     44     45     12     11     44     45     12     11     79.6526      0.1500
hb-dihd     59    118      1      1     12     45     44     46     12     45     44     46     43.6537      0.1500
hb-dihd     59    118      1      1     45     12     11     13     45     12     11     13     69.7519      0.1500
hb-dist     60      1      1     45     60     45     60     -8.1000      5.6550      5.0000
hb-angl     60    119      1      1     44     45     60     44     45     60    161.7460      1.5000
hb-angl     60    120      1      1     59     60     45     59     60     45    142.3055      1.5000
hb-dihd     60    120      1      1     44     45     60     59     44     45     60     59     79.6526      0.1500
hb-dihd     60    120      1      1     60     45     44     46     60     45     44     46     43.6537      0.1500
hb-dihd     60    120      1      1     45     60     59     61     45     60     59     61     69.7519      0.1500
hb-dist     61      1      1     45     72     45     72     -8.1000      5.6550      5.0000
hb-angl     61    121      1      1     44     45     72     44     45     72    161.7460      1.5000
hb-angl     61    122      1      1     71     72     45     71     72     45    142.3055      1.5000
hb-dihd     61    122      1      1     44     45     72     71     44     45     72     71     79.6526      0.1500
hb-dihd     61    122      1      1     72     45     44     46     72     45     44     46     43.6537      0.1500
hb-dihd     61    122      1      1     45     72     71     73     45     72     71     73     69.7519      0.1500
hb-dist     62      1      1     45     81     45     81     -8.1000      5.6550      5.0000
hb-angl     62    123      1      1     44     45     81     44     45     81    161.7460      1.5000
hb-angl     62    124      1      1     80     81     45     80     81     45    142.3055      1.5000
hb-dihd     62    124      1      1     44     45     81     80     44     45     81     80     79.6526      0.1500
hb-dihd     62    124      1      1     81     45     44     46     81     45     44     46     43.6537      0.1500
hb-dihd     62    124      1      1     45     81     80     82     45     81     80     82     69.7519      0.1500
hb-dist     63      1      1     45     84     45     84     -8.1000      5.6550      5.0000
hb-angl     63    125      1      1     44     45     84     44     45     84    161.7460      1.5000
hb-angl     63    126      1      1     83     84     45     83     84     45    142.3055      1.5000
hb-dihd     63    126      1      1     44     45     84     83     44     45     84     83     79.6526      0.1500
hb-dihd     63    126      1      1     84     45     44     46     84     45     44     46     43.6537      0.1500
hb-dihd     63    126      1      1     45     84     83     85     45     84     83     85     69.7519      0.1500
hb-dist     64      1      1     45     87     45     87     -8.1000      5.6550      5.0000
hb-angl     64    127      1      1     44     45     87     44     45     87    161.7460      1.5000
hb-angl     64    128      1      1     86     87     45     86     87     45    142.3055      1.5000
hb-dihd     64    128      1      1     44     45     87     86     44     45     87     86     79.6526      0.1500
hb-dihd     64    128      1      1     87     45     44     46     87     45     44     46     43.6537      0.1500
hb-dihd     64    128      1      1     45     87     86     88     45     87     86     88     69.7519      0.1500
hb-dist     65      1      1     45     90     45     90     -8.1000      5.6550      5.0000
hb-angl     65    129      1      1     44     45     90     44     45     90    161.7460      1.5000
hb-angl     65    130      1      1     89     90     45     89     90     45    142.3055      1.5000
hb-dihd     65    130      1      1     44     45     90     89     44     45     90     89     79.6526      0.1500
hb-dihd     65    130      1      1     90     45     44     46     90     45     44     46     43.6537      0.1500
hb-dihd     65    130      1      1     45     90     89     91     45     90     89     91     69.7519      0.1500
hb-dist     66      1      1     54     12     54     12     -8.1000      5.6550      5.0000
hb-angl     66    131      1      1     53     54     12     53     54     12    161.7460      1.5000
hb-angl     66    132      1      1     11     12     54     11     12     54    142.3055      1.5000
hb-dihd     66    132      1      1     53     54     12     11     53     54     12     11     79.6526      0.1500
hb-dihd     66    132      1      1     12     54     53     55     12     54     53     55     43.6537      0.1500
hb-dihd     66    132      1      1     54     12     11     13     54     12     11     13     69.7519      0.1500
hb-dist     67      1      1     54     72     54     72     -8.1000      5.6550      5.0000
hb-angl     67    133      1      1     53     54     72     53     54     72    161.7460      1.5000
hb-angl     67    134      1      1     71     72     54     71     72     54    142.3055      1.5000
hb-dihd     67    134      1      1     53     54     72     71     53     54     72     71     79.6526      0.1500
hb-dihd     67    134      1      1     72     54     53     55     72     54     53     55     43.6537      0.1500
hb-dihd     67    134      1      1     54     72     71     73     54     72     71     73     69.7519      0.1500
hb-dist     68      1      1     54     81     54     81     -8.1000      5.6550      5.0000
hb-angl     68    135      1      1     53     54     81     53     54     81    161.7460      1.5000
hb-angl     68    136      1      1     80     81     54     80     81     54    142.3055      1.5000
hb-dihd     68    136      1      1     53     54     81     80     53     54     81     80     79.6526      0.1500
hb-dihd     68    136      1      1     81     54     53     55     81     54     53     55     43.6537      0.1500
hb-dihd     68    136      1      1     54     81     80     82     54     81     80     82     69.7519      0.1500
hb-dist     69      1      1     54     84     54     84     -8.1000      5.6550      5.0000
hb-angl     69    137      1      1     53     54     84     53     54     84    161.7460      1.5000
hb-angl     69    138      1      1     83     84     54     83     84     54    142.3055      1.5000
hb-dihd     69    138      1      1     53     54     84     83     53     54     84     83     79.6526      0.1500
hb-dihd     69    138      1      1     84     54     53     55     84     54     53     55     43.6537      0.1500
hb-dihd     69    138      1      1     54     84     83     85     54     84     83     85     69.7519      0.1500
hb-dist     70      1      1     54     87     54     87     -8.1000      5.6550      5.0000
hb-angl     70    139      1      1     53     54     87     53     54     87    161.7460      1.5000
hb-angl     70    140      1      1     86     87     54     86     87     54    142.3055      1.5000
hb-dihd     70    140      1      1     53     54     87     86     53     54     87     86     79.6526      0.1500
hb-dihd     70    140      1      1     87     54     53     55     87     54     53     55     43.6537      0.1500
hb-dihd     70    140      1      1     54     87     86     88     54     87     86     88     69.7519      0.1500
hb-dist     71      1      1     54     90     54     90     -8.1000      5.6550      5.0000
hb-angl     71    141      1      1     53     54     90     53     54     90    161.7460      1.5000
hb-angl     71    142      1      1     89     90     54     89     90     54    142.3055      1.5000
hb-dihd     71    142      1      1     53     54     90     89     53     54     90     89     79.6526      0.1500
hb-dihd     71    142      1      1     90     54     53     55     90     54     53     55     43.6537      0.1500
hb-dihd     71    142      1      1     54     90     89     91     54     90     89     91     69.7519      0.1500
hb-dist     72      1      1     78     36     78     36     -8.1000      5.6550      5.0000
hb-angl     72    143      1      1     77     78     36     77     78     36    161.7460      1.5000
hb-angl     72    144      1      1     35     36     78     35     36     78    142.3055      1.5000
hb-dihd     72    144      1      1     77     78     36     35     77     78     36     35     79.6526      0.1500
hb-dihd     72    144      1      1     36     78     77     79     36     78     77     79     43.6537      0.1500
hb-dihd     72    144      1      1     78     36     35     37     78     36     35     37     69.7519      0.1500
hb-dist     73      1      1     78     42     78     42     -8.1000      5.6550      5.0000
hb-angl     73    145      1      1     77     78     42     77     78     42    161.7460      1.5000
hb-angl     73    146      1      1     41     42     78     41     42     78    142.3055      1.5000
hb-dihd     73    146      1      1     77     78     42     41     77     78     42     41     79.6526      0.1500
hb-dihd     73    146      1      1     42     78     77     79     42     78     77     79     43.6537      0.1500
hb-dihd     73    146      1      1     78     42     41     43     78     42     41     43     69.7519      0.1500
hb-dist     74      1      1     78     48     78     48     -8.1000      5.6550      5.0000
hb-angl     74    147      1      1     77     78     48     77     78     48    161.7460      1.5000
hb-angl     74    148      1      1     47     48     78     47     48     78    142.3055      1.5000
hb-dihd     74    148      1      1     77     78     48     47     77     78     48     47     79.6526      0.1500
hb-dihd     74    148      1      1     48     78     77     79     48     78     77     79     43.6537      0.1500
hb-dihd     74    148      1      1     78     48     47     49     78     48     47     49     69.7519      0.1500
hb-dist     75      1      1     78     60     78     60     -8.1000      5.6550      5.0000
hb-angl     75    149      1      1     77     78     60     77     78     60    161.7460      1.5000
hb-angl     75    150      1      1     59     60     78     59     60     78    142.3055      1.5000
hb-dihd     75    150      1      1     77     78     60     59     77     78     60     59     79.6526      0.1500
hb-dihd     75    150      1      1     60     78     77     79     60     78     77     79     43.6537      0.1500
hb-dihd     75    150      1      1     78     60     59     61     78     60     59     61     69.7519      0.1500
hb-dist     76      1      1      3     21      3     21     -5.4000      5.9234      5.0000
hb-angl     76    151      1      1      2      3     21      2      3     21    166.4500      1.5000
hb-angl     76    152      1      1     20     21      3     20     21      3    117.7084      1.5000
hb-dihd     76    152      1      1      2      3     21     20      2      3     21     20    123.0083      0.1500
hb-dihd     76    152      1      1     21      3      2      4     21      3      2      4    -30.7449      0.1500
hb-dihd     76    152      1      1      3     21     20     22      3     21     20     22     81.8642      0.1500
hb-dist     77      1      1      3     24      3     24     -5.4000      5.9234      5.0000
hb-angl     77    153      1      1      2      3     24      2      3     24    166.4500      1.5000
hb-angl     77    154      1      1     23     24      3     23     24      3    117.7084      1.5000
hb-dihd     77    154      1      1      2      3     24     23      2      3     24     23    123.0083      0.1500
hb-dihd     77    154      1      1     24      3      2      4     24      3      2      4    -30.7449      0.1500
hb-dihd     77    154      1      1      3     24     23     25      3     24     23     25     81.8642      0.1500
hb-dist     78      1      1      3     27      3     27     -5.4000      5.9234      5.0000
hb-angl     78    155      1      1      2      3     27      2      3     27    166.4500      1.5000
hb-angl     78    156      1      1     26     27      3     26     27      3    117.7084      1.5000
hb-dihd     78    156      1      1      2      3     27     26      2      3     27     26    123.0083      0.1500
hb-dihd     78    156      1      1     27      3      2      4     27      3      2      4    -30.7449      0.1500
hb-dihd     78    156      1      1      3     27     26     28      3     27     26     28     81.8642      0.1500
hb-dist     79      1      1      3     30      3     30     -5.4000      5.9234      5.0000
hb-angl     79    157      1      1      2      3     30      2      3     30    166.4500      1.5000
hb-angl     79    158      1      1     29     30      3     29     30      3    117.7084      1.5000
hb-dihd     79    158      1      1      2      3     30     29      2      3     30     29    123.0083      0.1500
hb-dihd     79    158      1      1     30      3      2      4     30      3      2      4    -30.7449      0.1500
hb-dihd     79    158      1      1      3     30     29     31      3     30     29     31     81.8642      0.1500
hb-dist     80      1      1      3     33      3     33     -5.4000      5.9234      5.0000
hb-angl     80    159      1      1      2      3     33      2      3     33    166.4500      1.5000
hb-angl     80    160      1      1     32     33      3     32     33      3    117.7084      1.5000
hb-dihd     80    160      1      1      2      3     33     32      2      3     33     32    123.0083      0.1500
hb-dihd     80    160      1      1     33      3      2      4     33      3      2      4    -30.7449      0.1500
hb-dihd     80    160      1      1      3     33     32     34      3     33     32     34     81.8642      0.1500
hb-dist     81      1      1      3     39      3     39     -5.4000      5.9234      5.0000
hb-angl     81    161      1      1      2      3     39      2      3     39    166.4500      1.5000
hb-angl     81    162      1      1     38     39      3     38     39      3    117.7084      1.5000
hb-dihd     81    162      1      1      2      3     39     38      2      3     39     38    123.0083      0.1500
hb-dihd     81    162      1      1     39      3      2      4     39      3      2      4    -30.7449      0.1500
hb-dihd     81    162      1      1      3     39     38     40      3     39     38     40     81.8642      0.1500
hb-dist     82      1      1      3     51      3     51     -5.4000      5.9234      5.0000
hb-angl     82    163      1      1      2      3     51      2      3     51    166.4500      1.5000
hb-angl     82    164      1      1     50     51      3     50     51      3    117.7084      1.5000
hb-dihd     82    164      1      1      2      3     51     50      2      3     51     50    123.0083      0.1500
hb-dihd     82    164      1      1     51      3      2      4     51      3      2      4    -30.7449      0.1500
hb-dihd     82    164      1      1      3     51     50     52      3     51     50     52     81.8642      0.1500
hb-dist     83      1      1      3     63      3     63     -5.4000      5.9234      5.0000
hb-angl     83    165      1      1      2      3     63      2      3     63    166.4500      1.5000
hb-angl     83    166      1      1     62     63      3     62     63      3    117.7084      1.5000
hb-dihd     83    166      1      1      2      3     63     62      2      3     63     62    123.0083      0.1500
hb-dihd     83    166      1      1     63      3      2      4     63      3      2      4    -30.7449      0.1500
hb-dihd     83    166      1      1      3     63     62     64      3     63     62     64     81.8642      0.1500
hb-dist     84      1      1      3     66      3     66     -5.4000      5.9234      5.0000
hb-angl     84    167      1      1      2      3     66      2      3     66    166.4500      1.5000
hb-angl     84    168      1      1     65     66      3     65     66      3    117.7084      1.5000
hb-dihd     84    168      1      1      2      3     66     65      2      3     66     65    123.0083      0.1500
hb-dihd     84    168      1      1     66      3      2      4     66      3      2      4    -30.7449      0.1500
hb-dihd     84    168      1      1      3     66     65     67      3     66     65     67     81.8642      0.1500
hb-dist     85      1      1      3     69      3     69     -5.4000      5.9234      5.0000
hb-angl     85    169      1      1      2      3     69      2      3     69    166.4500      1.5000
hb-angl     85    170      1      1     68     69      3     68     69      3    117.7084      1.5000
hb-dihd     85    170      1      1      2      3     69     68      2      3     69     68    123.0083      0.1500
hb-dihd     85    170      1      1     69      3      2      4     69      3      2      4    -30.7449      0.1500
hb-dihd     85    170      1      1      3     69     68     70      3     69     68     70     81.8642      0.1500
hb-dist     86      1      1      6     21      6     21     -5.4000      5.9234      5.0000
hb-angl     86    171      1      1      5      6     21      5      6     21    166.4500      1.5000
hb-angl     86    172      1      1     20     21      6     20     21      6    117.7084      1.5000
hb-dihd     86    172      1      1      5      6     21     20      5      6     21     20    123.0083      0.1500
hb-dihd     86    172      1      1     21      6      5      7     21      6      5      7    -30.7449      0.1500
hb-dihd     86    172      1      1      6     21     20     22      6     21     20     22     81.8642      0.1500
hb-dist     87      1      1      6     24      6     24     -5.4000      5.9234      5.0000
hb-angl     87    173      1      1      5      6     24      5      6     24    166.4500      1.5000
hb-angl     87    174      1      1     23     24      6     23     24      6    117.7084      1.5000
hb-dihd     87    174      1      1      5      6     24     23      5      6     24     23    123.0083      0.1500
hb-dihd     87    174      1      1     24      6      5      7     24      6      5      7    -30.7449      0.1500
hb-dihd     87    174      1      1      6     24     23     25      6     24     23     25     81.8642      0.1500
hb-dist     88      1      1      6     27      6     27     -5.4000      5.9234      5.0000
hb-angl     88    175      1      1      5      6     27      5      6     27    166.4500      1.5000
hb-angl     88    176      1      1     26     27      6     26     27      6    117.7084      1.5000
hb-dihd     88    176      1      1      5      6     27     26      5      6     27     26    123.0083      0.1500
hb-dihd     88    176      1      1     27      6      5      7     27      6      5      7    -30.7449      0.1500
hb-dihd     88    176      1      1      6     27     26     28      6     27     26     28     81.8642      0.1500
hb-dist     89      1      1      6     30      6     30     -5.4000      5.9234      5.0000
hb-angl     89    177      1      1      5      6     30      5      6     30    166.4500      1.5000
hb-angl     89    178      1      1     29     30      6     29     30      6    117.7084      1.5000
hb-dihd     89    178      1      1      5      6     30     29      5      6     30     29    123.0083      0.1500
hb-dihd     89    178      1      1     30      6      5      7     30      6      5      7    -30.7449      0.1500
hb-dihd     89    178      1      1      6     30     29     31      6     30     29     31     81.8642      0.1500
hb-dist     90      1      1      6     33      6     33     -5.4000      5.9234      5.0000
hb-angl     90    179      1      1      5      6     33      5      6     33    166.4500      1.5000
hb-angl     90    180      1      1     32     33      6     32     33      6    117.7084      1.5000
hb-dihd     90    180      1      1      5      6     33     32      5      6     33     32    123.0083      0.1500
hb-dihd     90    180      1      1     33      6      5      7     33      6      5      7    -30.7449      0.1500
hb-dihd     90    180      1      1      6     33     32     34      6     33     32     34     81.8642      0.1500
hb-dist     91      1      1      6     39      6     39     -5.4000      5.9234      5.0000
hb-angl     91    181      1      1      5      6     39      5      6     39    166.4500      1.5000
hb-angl     91    182      1      1     38     39      6     38     39      6    117.7084      1.5000
hb-dihd     91    182      1      1      5      6     39     38      5      6     39     38    123.0083      0.1500
hb-dihd     91    182      1      1     39      6      5      7     39      6      5      7    -30.7449      0.1500
hb-dihd     91    182      1      1      6     39     38     40      6     39     38     40     81.8642      0.1500
hb-dist     92      1      1      6     51      6     51     -5.4000      5.9234      5.0000
hb-angl     92    183      1      1      5      6     51      5      6     51    166.4500      1.5000
hb-angl     92    184      1      1     50     51      6     50     51      6    117.7084      1.5000
hb-dihd     92    184      1      1      5      6     51     50      5      6     51     50    123.0083      0.1500
hb-dihd     92    184      1      1     51      6      5      7     51      6      5      7    -30.7449      0.1500
hb-dihd     92    184      1      1      6     51     50     52      6     51     50     52     81.8642      0.1500
hb-dist     93      1      1      6     63      6     63     -5.4000      5.9234      5.0000
hb-angl     93    185      1      1      5      6     63      5      6     63    166.4500      1.5000
hb-angl     93    186      1      1     62     63      6     62     63      6    117.7084      1.5000
hb-dihd     93    186      1      1      5      6     63     62      5      6     63     62    123.0083      0.1500
hb-dihd     93    186      1      1     63      6      5      7     63      6      5      7    -30.7449      0.1500
hb-dihd     93    186      1      1      6     63     62     64      6     63     62     64     81.8642      0.1500
hb-dist     94      1      1      6     66      6     66     -5.4000      5.9234      5.0000
hb-angl     94    187      1      1      5      6     66      5      6     66    166.4500      1.5000
hb-angl     94    188      1      1     65     66      6     65     66      6    117.7084      1.5000
hb-dihd     94    188      1      1      5      6     66     65      5      6     66     65    123.0083      0.1500
hb-dihd     94    188      1      1     66      6      5      7     66      6      5      7    -30.7449      0.1500
hb-dihd     94    188      1      1      6     66     65     67      6     66     65     67     81.8642      0.1500
hb-dist     95      1      1      6     69      6     69     -5.4000      5.9234      5.0000
hb-angl     95    189      1      1      5      6     69      5      6     69    166.4500      1.5000
hb-angl     95    190      1      1     68     69      6     68     69      6    117.7084      1.5000
hb-dihd     95    190      1      1      5      6     69     68      5      6     69     68    123.0083      0.1500
hb-dihd     95    190      1      1     69      6      5      7     69      6      5      7    -30.7449      0.1500
hb-dihd     95    190      1      1      6     69     68     70      6     69     68     70     81.8642      0.1500
hb-dist     96      1      1      9     24      9     24     -5.4000      5.9234      5.0000
hb-angl     96    191      1      1      8      9     24      8      9     24    166.4500      1.5000
hb-angl     96    192      1      1     23     24      9     23     24      9    117.7084      1.5000
hb-dihd     96    192      1      1      8      9     24     23      8      9     24     23    123.0083      0.1500
hb-dihd     96    192      1      1     24      9      8     10     24      9      8     10    -30.7449      0.1500
hb-dihd     96    192      1      1      9     24     23     25      9     24     23     25     81.8642      0.1500
hb-dist     97      1      1      9     27      9     27     -5.4000      5.9234      5.0000
hb-angl     97    193      1      1      8      9     27      8      9     27    166.4500      1.5000
hb-angl     97    194      1      1     26     27      9     26     27      9    117.7084      1.5000
hb-dihd     97    194      1      1      8      9     27     26      8      9     27     26    123.0083      0.1500
hb-dihd     97    194      1      1     27      9      8     10     27      9      8     10    -30.7449      0.1500
hb-dihd     97    194      1      1      9     27     26     28      9     27     26     28     81.8642      0.1500
hb-dist     98      1      1      9     30      9     30     -5.4000      5.9234      5.0000
hb-angl     98    195      1      1      8      9     30      8      9     30    166.4500      1.5000
hb-angl     98    196      1      1     29     30      9     29     30      9    117.7084      1.5000
hb-dihd     98    196      1      1      8      9     30     29      8      9     30     29    123.0083      0.1500
hb-dihd     98    196      1      1     30      9      8     10     30      9      8     10    -30.7449      0.1500
hb-dihd     98    196      1      1      9     30     29     31      9     30     29     31     81.8642      0.1500
hb-dist     99      1      1      9     33      9     33     -5.4000      5.9234      5.0000
hb-angl     99    197      1      1      8      9     33      8      9     33    166.4500      1.5000
hb-angl     99    198      1      1     32     33      9     32     33      9    117.7084      1.5000
hb-dihd     99    198      1      1      8      9     33     32      8      9     33     32    123.0083      0.1500
hb-dihd     99    198      1      1     33      9      8     10     33      9      8     10    -30.7449      0.1500
hb-dihd     99    198      1      1      9     33     32     34      9     33     32     34     81.8642      0.1500
hb-dist    100      1      1      9     39      9     39     -5.4000      5.9234      5.0000
hb-angl    100    199      1      1      8      9     39      8      9     39    166.4500      1.5000
hb-angl    100    200      1      1     38     39      9     38     39      9    117.7084      1.5000
hb-dihd    100    200      1      1      8      9     39     38      8      9     39     38    123.0083      0.1500
hb-dihd    100    200      1      1     39      9      8     10     39      9      8     10    -30.7449      0.1500
hb-dihd    100    200      1      1      9     39     38     40      9     39     38     40     81.8642      0.1500
hb-dist    101      1      1      9     51      9     51     -5.4000      5.9234      5.0000
hb-angl    101    201      1      1      8      9     51      8      9     51    166.4500      1.5000
hb-angl    101    202      1      1     50     51      9     50     51      9    117.7084      1.5000
hb-dihd    101    202      1      1      8      9     51     50      8      9     51     50    123.0083      0.1500
hb-dihd    101    202      1      1     51      9      8     10     51      9      8     10    -30.7449      0.1500
hb-dihd    101    202      1      1      9     51     50     52      9     51     50     52     81.8642      0.1500
hb-dist    102      1      1      9     63      9     63     -5.4000      5.9234      5.0000
hb-angl    102    203      1      1      8      9     63      8      9     63    166.4500      1.5000
hb-angl    102    204      1      1     62     63      9     62     63      9    117.7084      1.5000
hb-dihd    102    204      1      1      8      9     63     62      8      9     63     62    123.0083      0.1500
hb-dihd    102    204      1      1     63      9      8     10     63      9      8     10    -30.7449      0.1500
hb-dihd    102    204      1      1      9     63     62     64      9     63     62     64     81.8642      0.1500
hb-dist    103      1      1      9     66      9     66     -5.4000      5.9234      5.0000
hb-angl    103    205      1      1      8      9     66      8      9     66    166.4500      1.5000
hb-angl    103    206      1      1     65     66      9     65     66      9    117.7084      1.5000
hb-dihd    103    206      1      1      8      9     66     65      8      9     66     65    123.0083      0.1500
hb-dihd    103    206      1      1     66      9      8     10     66      9      8     10    -30.7449      0.1500
hb-dihd    103    206      1      1      9     66     65     67      9     66     65     67     81.8642      0.1500
hb-dist    104      1      1      9     69      9     69     -5.4000      5.9234      5.0000
hb-angl    104    207      1      1      8      9     69      8      9     69    166.4500      1.5000
hb-angl    104    208      1      1     68     69      9     68     69      9    117.7084      1.5000
hb-dihd    104    208      1      1      8      9     69     68      8      9     69     68    123.0083      0.1500
hb-dihd    104    208      1      1     69      9      8     10     69      9      8     10    -30.7449      0.1500
hb-dihd    104    208      1      1      9     69     68     70      9     69     68     70     81.8642      0.1500
hb-dist    105      1      1     18     33     18     33     -5.4000      5.9234      5.0000
hb-angl    105    209      1      1     17     18     33     17     18     33    166.4500      1.5000
hb-angl    105    210      1      1     32     33     18     32     33     18    117.7084      1.5000
hb-dihd    105    210      1      1     17     18     33     32     17     18     33     32    123.0083      0.1500
hb-dihd    105    210      1      1     33     18     17     19     33     18     17     19    -30.7449      0.1500
hb-dihd    105    210      1      1     18     33     32     34     18     33     32     34     81.8642      0.1500
hb-dist    106      1      1     18     39     18     39     -5.4000      5.9234      5.0000
hb-angl    106    211      1      1     17     18     39     17     18     39    166.4500      1.5000
hb-angl    106    212      1      1     38     39     18     38     39     18    117.7084      1.5000
hb-dihd    106    212      1      1     17     18     39     38     17     18     39     38    123.0083      0.1500
hb-dihd    106    212      1      1     39     18     17     19     39     18     17     19    -30.7449      0.1500
hb-dihd    106    212      1      1     18     39     38     40     18     39     38     40     81.8642      0.1500
hb-dist    107      1      1     18     51     18     51     -5.4000      5.9234      5.0000
hb-angl    107    213      1      1     17     18     51     17     18     51    166.4500      1.5000
hb-angl    107    214      1      1     50     51     18     50     51     18    117.7084      1.5000
hb-dihd    107    214      1      1     17     18     51     50     17     18     51     50    123.0083      0.1500
hb-dihd    107    214      1      1     51     18     17     19     51     18     17     19    -30.7449      0.1500
hb-dihd    107    214      1      1     18     51     50     52     18     51     50     52     81.8642      0.1500
hb-dist    108      1      1     18     63     18     63     -5.4000      5.9234      5.0000
hb-angl    108    215      1      1     17     18     63     17     18     63    166.4500      1.5000
hb-angl    108    216      1      1     62     63     18     62     63     18    117.7084      1.5000
hb-dihd    108    216      1      1     17     18     63     62     17     18     63     62    123.0083      0.1500
hb-dihd    108    216      1      1     63     18     17     19     63     18     17     19    -30.7449      0.1500
hb-dihd    108    216      1      1     18     63     62     64     18     63     62     64     81.8642      0.1500
hb-dist    109      1      1     18     66     18     66     -5.4000      5.9234      5.0000
hb-angl    109    217      1      1     17     18     66     17     18     66    166.4500      1.5000
hb-angl    109    218      1      1     65     66     18     65     66     18    117.7084      1.5000
hb-dihd    109    218      1      1     17     18     66     65     17     18     66     65    123.0083      0.1500
hb-dihd    109    218      1      1     66     18     17     19     66     18     17     19    -30.7449      0.1500
hb-dihd    109    218      1      1     18     66     65     67     18     66     65     67     81.8642      0.1500
hb-dist    110      1      1     18     69     18     69     -5.4000      5.9234      5.0000
hb-angl    110    219      1      1     17     18     69     17     18     69    166.4500      1.5000
hb-angl    110    220      1      1     68     69     18     68     69     18    117.7084      1.5000
hb-dihd    110    220      1      1     17     18     69     68     17     18     69     68    123.0083      0.1500
hb-dihd    110    220      1      1     69     18     17     19     69     18     17     19    -30.7449      0.1500
hb-dihd    110    220      1      1     18     69     68     70     18     69     68     70     81.8642      0.1500
hb-dist    111      1      1     45     15     45     15     -5.4000      5.9234      5.0000
hb-angl    111    221      1      1     44     45     15     44     45     15    166.4500      1.5000
hb-angl    111    222      1      1     14     15     45     14     15     45    117.7084      1.5000
hb-dihd    111    222      1      1     44     45     15     14     44     45     15     14    123.0083      0.1500
hb-dihd    111    222      1      1     15     45     44     46     15     45     44     46    -30.7449      0.1500
hb-dihd    111    222      1      1     45     15     14     16     45     15     14     16     81.8642      0.1500
hb-dist    112      1      1     45     21     45     21     -5.4000      5.9234      5.0000
hb-angl    112    223      1      1     44     45     21     44     45     21    166.4500      1.5000
hb-angl    112    224      1      1     20     21     45     20     21     45    117.7084      1.5000
hb-dihd    112    224      1      1     44     45     21     20     44     45     21     20    123.0083      0.1500
hb-dihd    112    224      1      1     21     45     44     46     21     45     44     46    -30.7449      0.1500
hb-dihd    112    224      1      1     45     21     20     22     45     21     20     22     81.8642      0.1500
hb-dist    113      1      1     45     24     45     24     -5.4000      5.9234      5.0000
hb-angl    113    225      1      1     44     45     24     44     45     24    166.4500      1.5000
hb-angl    113    226      1      1     23     24     45     23     24     45    117.7084      1.5000
hb-dihd    113    226      1      1     44     45     24     23     44     45     24     23    123.0083      0.1500
hb-dihd    113    226      1      1     24     45     44     46     24     45     44     46    -30.7449      0.1500
hb-dihd    113    226      1      1     45     24     23     25     45     24     23     25     81.8642      0.1500
hb-dist    114      1      1     45     27     45     27     -5.4000      5.9234      5.0000
hb-angl    114    227      1      1     44     45     27     44     45     27    166.4500      1.5000
hb-angl    114    228      1      1     26     27     45     26     27     45    117.7084      1.5000
hb-dihd    114    228      1      1     44     45     27     26     44     45     27     26    123.0083      0.1500
hb-dihd    114    228      1      1     27     45     44     46     27     45     44     46    -30.7449      0.1500
hb-dihd    114    228      1      1     45     27     26     28     45     27     26     28     81.8642      0.1500
hb-dist    115      1      1     45     30     45     30     -5.4000      5.9234      5.0000
hb-angl    115    229      1      1     44     45     30     44     45     30    166.4500      1.5000
hb-angl    115    230      1      1     29     30     45     29     30     45    117.7084      1.5000
hb-dihd    115    230      1      1     44     45     30     29     44     45     30     29    123.0083      0.1500
hb-dihd    115    230      1      1     30     45     44     46     30     45     44     46    -30.7449      0.1500
hb-dihd    115    230      1      1     45     30     29     31     45     30     29     31     81.8642      0.1500
hb-dist    116      1      1     45     63     45     63     -5.4000      5.9234      5.0000
hb-angl    116    231      1      1     44     45     63     44     45     63    166.4500      1.5000
hb-angl    116    232      1      1     62     63     45     62     63     45    117.7084      1.5000
hb-dihd    116    232      1      1     44     45     63     62     44     45     63     62    123.0083      0.1500
hb-dihd    116    232      1      1     63     45     44     46     63     45     44     46    -30.7449      0.1500
hb-dihd    116    232      1      1     45     63     62     64     45     63     62     64     81.8642      0.1500
hb-dist    117      1      1     45     66     45     66     -5.4000      5.9234      5.0000
hb-angl    117    233      1      1     44     45     66     44     45     66    166.4500      1.5000
hb-angl    117    234      1      1     65     66     45     65     66     45    117.7084      1.5000
hb-dihd    117    234      1      1     44     45     66     65     44     45     66     65    123.0083      0.1500
hb-dihd    117    234      1      1     66     45     44     46     66     45     44     46    -30.7449      0.1500
hb-dihd    117    234      1      1     45     66     65     67     45     66     65     67     81.8642      0.1500
hb-dist    118      1      1     45     69     45     69     -5.4000      5.9234      5.0000
hb-angl    118    235      1      1     44     45     69     44     45     69    166.4500      1.5000
hb-angl    118    236      1      1     68     69     45     68     69     45    117.7084      1.5000
hb-dihd    118    236      1      1     44     45     69     68     44     45     69     68    123.0083      0.1500
hb-dihd    118    236      1      1     69     45     44     46     69     45     44     46    -30.7449      0.1500
hb-dihd    118    236      1      1     45     69     68     70     45     69     68     70     81.8642      0.1500
hb-dist    119      1      1     54     15     54     15     -5.4000      5.9234      5.0000
hb-angl    119    237      1      1     53     54     15     53     54     15    166.4500      1.5000
hb-angl    119    238      1      1     14     15     54     14     15     54    117.7084      1.5000
hb-dihd    119    238      1      1     53     54     15     14     53     54     15     14    123.0083      0.1500
hb-dihd    119    238      1      1     15     54     53     55     15     54     53     55    -30.7449      0.1500
hb-dihd    119    238      1      1     54     15     14     16     54     15     14     16     81.8642      0.1500
hb-dist    120      1      1     54     21     54     21     -5.4000      5.9234      5.0000
hb-angl    120    239      1      1     53     54     21     53     54     21    166.4500      1.5000
hb-angl    120    240      1      1     20     21     54     20     21     54    117.7084      1.5000
hb-dihd    120    240      1      1     53     54     21     20     53     54     21     20    123.0083      0.1500
hb-dihd    120    240      1      1     21     54     53     55     21     54     53     55    -30.7449      0.1500
hb-dihd    120    240      1      1     54     21     20     22     54     21     20     22     81.8642      0.1500
hb-dist    121      1      1     54     24     54     24     -5.4000      5.9234      5.0000
hb-angl    121    241      1      1     53     54     24     53     54     24    166.4500      1.5000
hb-angl    121    242      1      1     23     24     54     23     24     54    117.7084      1.5000
hb-dihd    121    242      1      1     53     54     24     23     53     54     24     23    123.0083      0.1500
hb-dihd    121    242      1      1     24     54     53     55     24     54     53     55    -30.7449      0.1500
hb-dihd    121    242      1      1     54     24     23     25     54     24     23     25     81.8642      0.1500
hb-dist    122      1      1     54     27     54     27     -5.4000      5.9234      5.0000
hb-angl    122    243      1      1     53     54     27     53     54     27    166.4500      1.5000
hb-angl    122    244      1      1     26     27     54     26     27     54    117.7084      1.5000
hb-dihd    122    244      1      1     53     54     27     26     53     54     27     26    123.0083      0.1500
hb-dihd    122    244      1      1     27     54     53     55     27     54     53     55    -30.7449      0.1500
hb-dihd    122    244      1      1     54     27     26     28     54     27     26     28     81.8642      0.1500
hb-dist    123      1      1     54     30     54     30     -5.4000      5.9234      5.0000
hb-angl    123    245      1      1     53     54     30     53     54     30    166.4500      1.5000
hb-angl    123    246      1      1     29     30     54     29     30     54    117.7084      1.5000
hb-dihd    123    246      1      1     53     54     30     29     53     54     30     29    123.0083      0.1500
hb-dihd    123    246      1      1     30     54     53     55     30     54     53     55    -30.7449      0.1500
hb-dihd    123    246      1      1     54     30     29     31     54     30     29     31     81.8642      0.1500
hb-dist    124      1      1     54     33     54     33     -5.4000      5.9234      5.0000
hb-angl    124    247      1      1     53     54     33     53     54     33    166.4500      1.5000
hb-angl    124    248      1      1     32     33     54     32     33     54    117.7084      1.5000
hb-dihd    124    248      1      1     53     54     33     32     53     54     33     32    123.0083      0.1500
hb-dihd    124    248      1      1     33     54     53     55     33     54     53     55    -30.7449      0.1500
hb-dihd    124    248      1      1     54     33     32     34     54     33     32     34     81.8642      0.1500
hb-dist    125      1      1     54     39     54     39     -5.4000      5.9234      5.0000
hb-angl    125    249      1      1     53     54     39     53     54     39    166.4500      1.5000
hb-angl    125    250      1      1     38     39     54     38     39     54    117.7084      1.5000
hb-dihd    125    250      1      1     53     54     39     38     53     54     39     38    123.0083      0.1500
hb-dihd    125    250      1      1     39     54     53     55     39     54     53     55    -30.7449      0.1500
hb-dihd    125    250      1      1     54     39     38     40     54     39     38     40     81.8642      0.1500
hb-dist    126      1      1     54     69     54     69     -5.4000      5.9234      5.0000
hb-angl    126    251      1      1     53     54     69     53     54     69    166.4500      1.5000
hb-angl    126    252      1      1     68     69     54     68     69     54    117.7084      1.5000
hb-dihd    126    252      1      1     53     54     69     68     53     54     69     68    123.0083      0.1500
hb-dihd    126    252      1      1     69     54     53     55     69     54     53     55    -30.7449      0.1500
hb-dihd    126    252      1      1     54     69     68     70     54     69     68     70     81.8642      0.1500
hb-dist    127      1      1     78     15     78     15     -5.4000      5.9234      5.0000
hb-angl    127    253      1      1     77     78     15     77     78     15    166.4500      1.5000
hb-angl    127    254      1      1     14     15     78     14     15     78    117.7084      1.5000
hb-dihd    127    254      1      1     77     78     15     14     77     78     15     14    123.0083      0.1500
hb-dihd    127    254      1      1     15     78     77     79     15     78     77     79    -30.7449      0.1500
hb-dihd    127    254      1      1     78     15     14     16     78     15     14     16     81.8642      0.1500
hb-dist    128      1      1     78     21     78     21     -5.4000      5.9234      5.0000
hb-angl    128    255      1      1     77     78     21     77     78     21    166.4500      1.5000
hb-angl    128    256      1      1     20     21     78     20     21     78    117.7084      1.5000
hb-dihd    128    256      1      1     77     78     21     20     77     78     21     20    123.0083      0.1500
hb-dihd    128    256      1      1     21     78     77     79     21     78     77     79    -30.7449      0.1500
hb-dihd    128    256      1      1     78     21     20     22     78     21     20     22     81.8642      0.1500
hb-dist    129      1      1     78     24     78     24     -5.4000      5.9234      5.0000
hb-angl    129    257      1      1     77     78     24     77     78     24    166.4500      1.5000
hb-angl    129    258      1      1     23     24     78     23     24     78    117.7084      1.5000
hb-dihd    129    258      1      1     77     78     24     23     77     78     24     23    123.0083      0.1500
hb-dihd    129    258      1      1     24     78     77     79     24     78     77     79    -30.7449      0.1500
hb-dihd    129    258      1      1     78     24     23     25     78     24     23     25     81.8642      0.1500
hb-dist    130      1      1     78     27     78     27     -5.4000      5.9234      5.0000
hb-angl    130    259      1      1     77     78     27     77     78     27    166.4500      1.5000
hb-angl    130    260      1      1     26     27     78     26     27     78    117.7084      1.5000
hb-dihd    130    260      1      1     77     78     27     26     77     78     27     26    123.0083      0.1500
hb-dihd    130    260      1      1     27     78     77     79     27     78     77     79    -30.7449      0.1500
hb-dihd    130    260      1      1     78     27     26     28     78     27     26     28     81.8642      0.1500
hb-dist    131      1      1     78     30     78     30     -5.4000      5.9234      5.0000
hb-angl    131    261      1      1     77     78     30     77     78     30    166.4500      1.5000
hb-angl    131    262      1      1     29     30     78     29     30     78    117.7084      1.5000
hb-dihd    131    262      1      1     77     78     30     29     77     78     30     29    123.0083      0.1500
hb-dihd    131    262      1      1     30     78     77     79     30     78     77     79    -30.7449      0.1500
hb-dihd    131    262      1      1     78     30     29     31     78     30     29     31     81.8642      0.1500
hb-dist    132      1      1     78     33     78     33     -5.4000      5.9234      5.0000
hb-angl    132    263      1      1     77     78     33     77     78     33    166.4500      1.5000
hb-angl    132    264      1      1     32     33     78     32     33     78    117.7084      1.5000
hb-dihd    132    264      1      1     77     78     33     32     77     78     33     32    123.0083      0.1500
hb-dihd    132    264      1      1     33     78     77     79     33     78     77     79    -30.7449      0.1500
hb-dihd    132    264      1      1     78     33     32     34     78     33     32     34     81.8642      0.1500
hb-dist    133      1      1     78     39     78     39     -5.4000      5.9234      5.0000
hb-angl    133    265      1      1     77     78     39     77     78     39    166.4500      1.5000
hb-angl    133    266      1      1     38     39     78     38     39     78    117.7084      1.5000
hb-dihd    133    266      1      1     77     78     39     38     77     78     39     38    123.0083      0.1500
hb-dihd    133    266      1      1     39     78     77     79     39     78     77     79    -30.7449      0.1500
hb-dihd    133    266      1      1     78     39     38     40     78     39     38     40     81.8642      0.1500
hb-dist    134      1      1     78     51     78     51     -5.4000      5.9234      5.0000
hb-angl    134    267      1      1     77     78     51     77     78     51    166.4500      1.5000
hb-angl    134    268      1      1     50     51     78     50     51     78    117.7084      1.5000
hb-dihd    134    268      1      1     77     78     51     50     77     78     51     50    123.0083      0.1500
hb-dihd    134    268      1      1     51     78     77     79     51     78     77     79    -30.7449      0.1500
hb-dihd    134    268      1      1     78     51     50     52     78     51     50     52     81.8642      0.1500
hb-dist    135      1      1     78     63     78     63     -5.4000      5.9234      5.0000
hb-angl    135    269      1      1     77     78     63     77     78     63    166.4500      1.5000
hb-angl    135    270      1      1     62     63     78     62     63     78    117.7084      1.5000
hb-dihd    135    270      1      1     77     78     63     62     77     78     63     62    123.0083      0.1500
hb-dihd    135    270      1      1     63     78     77     79     63     78     77     79    -30.7449      0.1500
hb-dihd    135    270      1      1     78     63     62     64     78     63     62     64     81.8642      0.1500
