****************************************************************************
                DSSR: an Integrated Software Tool for
               Dissecting the Spatial Structure of RNA
               v1.5.2-2016apr02, by xiangjun@x3dna.org

   This program is being actively maintained and developed. As always,
   I greatly appreciate your feedback! Please report all DSSR-related
   issues on the 3DNA Forum (forum.x3dna.org). I strive to respond
   *promptly* to *any questions* posted there.

****************************************************************************
Note: Each nucleotide is identified by model:chainId.name#, where the
      'model:' portion is omitted if no model number is available (as
      is often the case for x-ray crystal structures in the PDB). So a
      common example would be B.A1689, meaning adenosine #1689 on
      chain B. One-letter base names for modified nucleotides are put
      in lower case (e.g., 'c' for 5MC). For further information about
      the output notation, please refer to the DSSR User Manual.
      Questions and suggestions are always welcome on the 3DNA Forum.

Command: x3dna-dssr -i=BWYV_0_29.pdb --non-pair --prefix=BWYV.dssr -o=BWYV.dssr.out
Date and time: Fri Sep 30 00:55:17 2016
File name: BWYV_0_29.pdb
    no. of DNA/RNA chains: 1 [A=30]
    no. of nucleotides:    30
    no. of atoms:          648
    no. of waters:         0
    no. of metals:         0

****************************************************************************
List of 15 base pairs
      nt1            nt2           bp  name        Saenger    LW  DSSR
   1 A.C3           A.G18          C-G WC          19-XIX    cWW  cW-W
   2 A.G4           A.C17          G-C WC          19-XIX    cWW  cW-W
   3 A.G4           A.A20          G+A --          n/a       tSS  tm+m
   4 A.C5           A.G16          C-G WC          19-XIX    cWW  cW-W
   5 A.G6           A.C15          G-C WC          19-XIX    cWW  cW-W
   6 A.G7           A.C14          G-C WC          19-XIX    cWW  cW-W
   7 A.G7           A.A24          G+A --          10-X      tSW  tm+W
   8 A.C8           A.G12          C-G --          n/a       tWH  tW-M
   9 A.C8           A.C26          C+C --          n/a       tWW  tW+W
  10 A.A9           A.G29          A-G --          n/a       cW.  cW-.
  11 A.C10          A.G28          C-G WC          19-XIX    cWW  cW-W
  12 A.C11          A.G27          C-G WC          19-XIX    cWW  cW-W
  13 A.G12          A.C26          G-C WC          19-XIX    cWW  cW-W
  14 A.C14          A.A25          C-A --          n/a       cSW  cm-W
  15 A.C15          A.A23          C-A --          n/a       cSW  cm-W

****************************************************************************
List of 4 multiplets
   1 nts=3 GCA A.G4,A.C17,A.A20
   2 nts=3 GCA A.G6,A.C15,A.A23
   3 nts=3 CGC A.C8,A.G12,A.C26
   4 nts=4 GCAA A.G7,A.C14,A.A24,A.A25

****************************************************************************
List of 1 helix
  Note: a helix is defined by base-stacking interactions, regardless of bp
        type and backbone connectivity, and may contain more than one stem.
      helix#number[stems-contained] bps=number-of-base-pairs in the helix
      bp-type: '|' for a canonical WC/wobble pair, '.' otherwise
      helix-form: classification of a dinucleotide step comprising the bp
        above the given designation and the bp that follows it. Types
        include 'A', 'B' or 'Z' for the common A-, B- and Z-form helices,
        '.' for an unclassified step, and 'x' for a step without a
        continuous backbone.
      --------------------------------------------------------------------
  helix#1[2] bps=9
      strand-1 5'-CGCGGCGGG-3'
       bp-type    ||||||||.
      strand-2 3'-GCGCCGCCA-5'
      helix-form  .AAAxA..
   1 A.C3           A.G18          C-G WC           19-XIX    cWW  cW-W
   2 A.G4           A.C17          G-C WC           19-XIX    cWW  cW-W
   3 A.C5           A.G16          C-G WC           19-XIX    cWW  cW-W
   4 A.G6           A.C15          G-C WC           19-XIX    cWW  cW-W
   5 A.G7           A.C14          G-C WC           19-XIX    cWW  cW-W
   6 A.C26          A.G12          C-G WC           19-XIX    cWW  cW-W
   7 A.G27          A.C11          G-C WC           19-XIX    cWW  cW-W
   8 A.G28          A.C10          G-C WC           19-XIX    cWW  cW-W
   9 A.G29          A.A9           G-A --           n/a       c.W  c.-W

****************************************************************************
List of 2 stems
  Note: a stem is defined as a helix consisting of only canonical WC/wobble
        pairs, with a continuous backbone.
      stem#number[#helix-number containing this stem]
      Other terms are defined as in the above Helix section.
      --------------------------------------------------------------------
  stem#1[#1] bps=5
      strand-1 5'-CGCGG-3'
       bp-type    |||||
      strand-2 3'-GCGCC-5'
      helix-form  .AAA
   1 A.C3           A.G18          C-G WC           19-XIX    cWW  cW-W
   2 A.G4           A.C17          G-C WC           19-XIX    cWW  cW-W
   3 A.C5           A.G16          C-G WC           19-XIX    cWW  cW-W
   4 A.G6           A.C15          G-C WC           19-XIX    cWW  cW-W
   5 A.G7           A.C14          G-C WC           19-XIX    cWW  cW-W
  --------------------------------------------------------------------------
  stem#2[#1] bps=3
      strand-1 5'-CCG-3'
       bp-type    |||
      strand-2 3'-GGC-5'
      helix-form  .A
   1 A.C10          A.G28          C-G WC           19-XIX    cWW  cW-W
   2 A.C11          A.G27          C-G WC           19-XIX    cWW  cW-W
   3 A.G12          A.C26          G-C WC           19-XIX    cWW  cW-W

****************************************************************************
List of 1 coaxial stack
   1 Helix#1 contains 2 stems: [#1,#2]

****************************************************************************
List of 28 non-pairing interactions
   1 A.G0  A.G1  H-bonds[1]: "O2'(hydroxyl)-O4'[2.56]" connected min_baseDist=3.02
   2 A.G2  A.C3  stacking: 3.3(1.4)--pm(>>,forward) interBase-angle=4 connected min_baseDist=3.24
   3 A.C3  A.G4  stacking: 0.1(0.0)--pm(>>,forward) interBase-angle=4 connected min_baseDist=3.49
   4 A.G4  A.C5  stacking: 4.6(2.0)--pm(>>,forward) interBase-angle=7 connected min_baseDist=3.30
   5 A.G4  A.G18 stacking: 4.1(1.5)--mm(<>,outward) interBase-angle=4 min_baseDist=3.20
   6 A.C5  A.G6  stacking: 0.2(0.0)--pm(>>,forward) interBase-angle=11 connected min_baseDist=3.41
   7 A.C5  A.A20 H-bonds[1]: "O2(carbonyl)-O2'(hydroxyl)[2.83]" min_baseDist=4.18
   8 A.G6  A.G7  stacking: 3.9(2.4)--pm(>>,forward) interBase-angle=6 connected min_baseDist=3.17
   9 A.G6  A.G16 stacking: 4.0(1.4)--mm(<>,outward) interBase-angle=5 min_baseDist=3.29
  10 A.G6  A.A23 H-bonds[1]: "N2(amino)*N6(amino)[3.41]" min_baseDist=3.41
  11 A.G7  A.C8  stacking: 3.5(1.5)--pm(>>,forward) interBase-angle=12 connected min_baseDist=3.17
  12 A.G7  A.C15 stacking: 0.2(0.0)--mm(<>,outward) interBase-angle=10 min_baseDist=3.23
  13 A.C8  A.A25 H-bonds[1]: "O2(carbonyl)-N6(amino)[2.97]" min_baseDist=2.97
  14 A.A9  A.C10 stacking: 5.4(1.9)--pm(>>,forward) interBase-angle=17 H-bonds[1]: "OP1-N4(amino)[2.80]" connected min_baseDist=3.22
  15 A.C11 A.G28 stacking: 0.5(0.0)--mm(<>,outward) interBase-angle=13 min_baseDist=3.06
  16 A.G12 A.C14 stacking: 3.3(1.0)--pm(>>,forward) interBase-angle=7 min_baseDist=3.37
  17 A.G12 A.G27 stacking: 3.9(1.4)--mm(<>,outward) interBase-angle=6 min_baseDist=3.13
  18 A.C14 A.C15 stacking: 0.8(0.0)--pm(>>,forward) interBase-angle=7 connected min_baseDist=3.49
  19 A.C15 A.G16 stacking: 0.4(0.0)--pm(>>,forward) interBase-angle=10 connected min_baseDist=3.32
  20 A.G16 A.C17 stacking: 6.8(2.6)--pm(>>,forward) interBase-angle=10 connected min_baseDist=3.20
  21 A.G16 A.A21 H-bonds[4]: "O3'-N6(amino)[3.33],O2'(hydroxyl)-N7[3.05],O2'(hydroxyl)-N6(amino)[2.90],N2(amino)-OP2[2.89]" min_baseDist=5.52
  22 A.C17 A.A20 H-bonds[2]: "O2'(hydroxyl)-O2'(hydroxyl)[2.57],O2(carbonyl)-O2'(hydroxyl)[2.81]" min_baseDist=4.95
  23 A.A21 A.C22 stacking: 5.7(4.1)--pm(>>,forward) interBase-angle=8 connected min_baseDist=3.38
  24 A.C22 A.A23 stacking: 1.6(0.0)--pm(>>,forward) interBase-angle=10 connected min_baseDist=3.26
  25 A.A23 A.A24 stacking: 5.9(4.0)--pm(>>,forward) interBase-angle=6 connected min_baseDist=3.36
  26 A.A25 A.C26 stacking: 5.9(4.5)--pm(>>,forward) interBase-angle=10 connected min_baseDist=3.38
  27 A.C26 A.G27 stacking: 0.1(0.0)--pm(>>,forward) interBase-angle=23 connected min_baseDist=3.47
  28 A.G27 A.G28 stacking: 4.6(2.3)--pm(>>,forward) interBase-angle=3 connected min_baseDist=3.39

****************************************************************************
List of 6 stacks
  Note: a stack is an ordered list of nucleotides assembled together via
        base-stacking interactions, regardless of backbone connectivity.
        Stacking interactions within a stem are *not* included.
        --------------------------------------------------------------------
   1 nts=2 GC A.G2,A.C3
   2 nts=2 GC A.G7,A.C8
   3 nts=2 AC A.A9,A.C10
   4 nts=2 GC A.G12,A.C14
   5 nts=2 AC A.A25,A.C26
   6 nts=4 ACAA A.A21,A.C22,A.A23,A.A24
     -----------------------------------------------------------------------
  Nucleotides not involved in stacking interactions
     nts=6 GGUGAG A.G0,A.G1,A.U13,A.G19,A.A20,A.G29

****************************************************************************
List of 3 atom-base capping interactions
    dv: vertical distance of the atom above the nucleotide base
    -----------------------------------------------------------
     type       atom                 nt             dv
   1 sugar      O4'@A.C14            A.G12          3.13
   2 sugar      O4'@A.C5             A.A20          2.98
   3 sugar      O2'@A.C5             A.A20          3.25

****************************************************************************
Note: for the various types of loops listed below, numbers within the first
      set of brackets are the number of loop nts, and numbers in the second
      set of brackets are the identities of the stems (positive number) or
      isolated WC/wobble pairs (negative numbers) to which they are linked.

****************************************************************************
List of 2 hairpin loops
   1 hairpin loop: nts=8; [6]; linked by [#1]
     nts=8 GCACCGUC A.G7,A.C8,A.A9,A.C10,A.C11,A.G12,A.U13,A.C14
       nts=6 CACCGU A.C8,A.A9,A.C10,A.C11,A.G12,A.U13
   2 hairpin loop: nts=15; [13]; linked by [#2]
     nts=15 GUCCGCGGAACAAAC A.G12,A.U13,A.C14,A.C15,A.G16,A.C17,A.G18,A.G19,A.A20,A.A21,A.C22,A.A23,A.A24,A.A25,A.C26
       nts=13 UCCGCGGAACAAA A.U13,A.C14,A.C15,A.G16,A.C17,A.G18,A.G19,A.A20,A.A21,A.C22,A.A23,A.A24,A.A25

****************************************************************************
List of 2 non-loop single-stranded segments
   1 nts=3 GGG A.G0,A.G1,A.G2
   2 nts=1 G A.G29

****************************************************************************
List of 1 A-minor motif
   1  type=I A|G-C	A.A20|A.G4,A.C17 WC
        +A.G4	H-bonds[2]: "N1-O2'(hydroxyl)[2.70],N3-N2(amino)[3.02]"
        -A.C17	H-bonds[2]: "O2'(hydroxyl)-O2'(hydroxyl)[2.57],O2'(hydroxyl)-O2(carbonyl)[2.81]"

****************************************************************************
This structure contains 1-order pseudoknot
   o You may want to run DSSR again with the '--nested' option which removes
     pseudoknots to get a fully nested secondary structure representation.

****************************************************************************
List of 3 H-type pseudoknot loop segments
   1 stem#1(hairpin#1) vs stem#2(hairpin#2) L1 groove=----- nts=2 CA A.C8,A.A9
   2 stem#1(hairpin#1) vs stem#2(hairpin#2) L2 groove=----- nts=1 U A.U13
   3 stem#1(hairpin#1) vs stem#2(hairpin#2) L3 groove=minor nts=7 GAACAAA A.G19,A.A20,A.A21,A.C22,A.A23,A.A24,A.A25

****************************************************************************
Secondary structures in dot-bracket notation (dbn) as a whole and per chain
>BWYV_0_29 nts=30 [whole]
GGGCGCGGCACCGUCCGCGGAACAAACGGG
...(((((..[[[.))))).......]]].
>BWYV_0_29-A #1 nts=30 [chain] RNA
GGGCGCGGCACCGUCCGCGGAACAAACGGG
...(((((..[[[.))))).......]]].

****************************************************************************
Summary of structural features of 30 nucleotides
  Note: the first five columns are: (1) serial number, (2) one-letter
    shorthand name, (3) dbn, (4) id string, (5) rmsd (~zero) of base
    ring atoms fitted against those in a standard base reference
    frame. The sixth (last) column contains a comma-separated list of
    features whose meanings are mostly self-explanatory, except for:
      turn: angle C1'(i-1)--C1'(i)--C1'(i+1) < 90 degrees
      break: no backbone linkage between O3'(i-1) and P(i)
   1  G . A.G0  0.027  anti,~C3'-endo,non-stack,non-pair-contact,ss-non-loop
   2  G . A.G1  0.027  anti,~C3'-endo,non-stack,non-pair-contact,ss-non-loop
   3  G . A.G2  0.017  anti,~C3'-endo,BI,non-pair-contact,ss-non-loop
   4  C ( A.C3  0.015  anti,~C3'-endo,BI,canonical,non-pair-contact,helix,stem,coaxial-stack
   5  G ( A.G4  0.017  anti,~C3'-endo,BI,canonical,non-canonical,non-pair-contact,helix,stem,coaxial-stack,multiplet,A-minor
   6  C ( A.C5  0.016  anti,~C3'-endo,BI,canonical,non-pair-contact,helix,stem,coaxial-stack,cap-donor
   7  G ( A.G6  0.025  anti,~C3'-endo,BI,canonical,non-pair-contact,helix,stem,coaxial-stack,multiplet
   8  G ( A.G7  0.018  anti,~C3'-endo,BI,canonical,non-canonical,non-pair-contact,helix,stem,coaxial-stack,multiplet,hairpin-loop
   9  C . A.C8  0.016  anti,~C3'-endo,non-canonical,non-pair-contact,multiplet,hairpin-loop
  10  A . A.A9  0.029  turn,anti,~C3'-endo,non-canonical,non-pair-contact,helix,hairpin-loop,phosphate
  11  C [ A.C10 0.017  pseudoknotted,anti,~C3'-endo,BI,canonical,non-pair-contact,helix,stem,coaxial-stack,hairpin-loop
  12  C [ A.C11 0.013  pseudoknotted,anti,~C3'-endo,BI,canonical,non-pair-contact,helix,stem,coaxial-stack,hairpin-loop
  13  G [ A.G12 0.021  pseudoknotted,anti,~C3'-endo,canonical,non-canonical,non-pair-contact,helix,stem,coaxial-stack,multiplet,hairpin-loop,cap-acceptor
  14  U . A.U13 0.012  turn,anti,~C2'-endo,non-stack,hairpin-loop
  15  C ) A.C14 0.025  anti,~C3'-endo,BI,canonical,non-canonical,non-pair-contact,helix,stem,coaxial-stack,multiplet,hairpin-loop,cap-donor
  16  C ) A.C15 0.020  anti,~C3'-endo,BI,canonical,non-canonical,non-pair-contact,helix,stem,coaxial-stack,multiplet,hairpin-loop
  17  G ) A.G16 0.023  anti,~C3'-endo,BI,canonical,non-pair-contact,helix,stem,coaxial-stack,hairpin-loop
  18  C ) A.C17 0.015  anti,~C3'-endo,BI,canonical,non-pair-contact,helix,stem,coaxial-stack,multiplet,hairpin-loop,A-minor
  19  G ) A.G18 0.023  anti,~C2'-endo,canonical,non-pair-contact,helix,stem,coaxial-stack,hairpin-loop
  20  G . A.G19 0.015  turn,anti,~C2'-endo,non-stack,hairpin-loop
  21  A . A.A20 0.023  anti,~C3'-endo,non-stack,non-canonical,non-pair-contact,multiplet,hairpin-loop,A-minor,cap-acceptor
  22  A . A.A21 0.022  anti,~C3'-endo,BI,non-pair-contact,hairpin-loop,phosphate
  23  C . A.C22 0.008  anti,~C3'-endo,BI,non-pair-contact,hairpin-loop
  24  A . A.A23 0.018  anti,~C3'-endo,BI,non-canonical,non-pair-contact,multiplet,hairpin-loop
  25  A . A.A24 0.034  anti,~C3'-endo,non-canonical,non-pair-contact,multiplet,hairpin-loop
  26  A . A.A25 0.027  anti,~C3'-endo,BI,non-canonical,non-pair-contact,multiplet,hairpin-loop
  27  C ] A.C26 0.010  pseudoknotted,anti,~C3'-endo,BI,canonical,non-canonical,non-pair-contact,helix,stem,coaxial-stack,multiplet,hairpin-loop
  28  G ] A.G27 0.021  pseudoknotted,anti,~C3'-endo,BI,canonical,non-pair-contact,helix,stem,coaxial-stack
  29  G ] A.G28 0.016  pseudoknotted,anti,~C3'-endo,canonical,non-pair-contact,helix,stem,coaxial-stack
  30  G . A.G29 0.016  anti,~C3'-endo,non-stack,non-canonical,helix,ss-non-loop

****************************************************************************
List of 12 additional files
   1 BWYV.dssr-stems.pdb -- an ensemble of stems
   2 BWYV.dssr-helices.pdb -- an ensemble of helices (coaxial stacking)
   3 BWYV.dssr-pairs.pdb -- an ensemble of base pairs
   4 BWYV.dssr-multiplets.pdb -- an ensemble of multiplets
   5 BWYV.dssr-hairpins.pdb -- an ensemble of hairpin loops
   6 BWYV.dssr-2ndstrs.bpseq -- secondary structure in bpseq format
   7 BWYV.dssr-2ndstrs.ct -- secondary structure in connect table format
   8 BWYV.dssr-2ndstrs.dbn -- secondary structure in dot-bracket notation
   9 BWYV.dssr-torsions.txt -- backbone torsion angles and suite names
  10 BWYV.dssr-Aminors.pdb -- an ensemble of A minor motifs (types I and II)
  11 BWYV.dssr-stacks.pdb -- an ensemble of stacks
  12 BWYV.dssr-atom2bases.pdb -- an ensemble of atom-base stacking interactions

****************************************************************************
Time used: 00:00:00:00
