hb-dist      1      1      1      9     54      9     54     -8.1000      5.6550      5.0000
hb-angl      1      1      1      1      8      9     54      8      9     54    142.3055      1.5000
hb-angl      1      2      1      1     53     54      9     53     54      9    161.7460      1.5000
hb-dihd      1      2      1      1      8      9     54     53      8      9     54     53     79.6526      0.1500
hb-dihd      1      2      1      1     54      9      8     10     54      9      8     10     69.7519      0.1500
hb-dihd      1      2      1      1      9     54     53     55      9     54     53     55     43.6537      0.1500
hb-dist      2      1      1     12     51     12     51     -8.1000      5.6550      5.0000
hb-angl      2      3      1      1     11     12     51     11     12     51    161.7460      1.5000
hb-angl      2      4      1      1     50     51     12     50     51     12    142.3055      1.5000
hb-dihd      2      4      1      1     11     12     51     50     11     12     51     50     79.6526      0.1500
hb-dihd      2      4      1      1     51     12     11     13     51     12     11     13     43.6537      0.1500
hb-dihd      2      4      1      1     12     51     50     52     12     51     50     52     69.7519      0.1500
hb-dist      3      1      1     15     48     15     48     -8.1000      5.6550      5.0000
hb-angl      3      5      1      1     14     15     48     14     15     48    142.3055      1.5000
hb-angl      3      6      1      1     47     48     15     47     48     15    161.7460      1.5000
hb-dihd      3      6      1      1     14     15     48     47     14     15     48     47     79.6526      0.1500
hb-dihd      3      6      1      1     48     15     14     16     48     15     14     16     69.7519      0.1500
hb-dihd      3      6      1      1     15     48     47     49     15     48     47     49     43.6537      0.1500
hb-dist      4      1      1     18     45     18     45     -8.1000      5.6550      5.0000
hb-angl      4      7      1      1     17     18     45     17     18     45    161.7460      1.5000
hb-angl      4      8      1      1     44     45     18     44     45     18    142.3055      1.5000
hb-dihd      4      8      1      1     17     18     45     44     17     18     45     44     79.6526      0.1500
hb-dihd      4      8      1      1     45     18     17     19     45     18     17     19     43.6537      0.1500
hb-dihd      4      8      1      1     18     45     44     46     18     45     44     46     69.7519      0.1500
hb-dist      5      1      1     21     42     21     42     -8.1000      5.6550      5.0000
hb-angl      5      9      1      1     20     21     42     20     21     42    161.7460      1.5000
hb-angl      5     10      1      1     41     42     21     41     42     21    142.3055      1.5000
hb-dihd      5     10      1      1     20     21     42     41     20     21     42     41     79.6526      0.1500
hb-dihd      5     10      1      1     42     21     20     22     42     21     20     22     43.6537      0.1500
hb-dihd      5     10      1      1     21     42     41     43     21     42     41     43     69.7519      0.1500
hb-dist      6      1      1     30     84     30     84     -8.1000      5.6550      5.0000
hb-angl      6     11      1      1     29     30     84     29     30     84    142.3055      1.5000
hb-angl      6     12      1      1     83     84     30     83     84     30    161.7460      1.5000
hb-dihd      6     12      1      1     29     30     84     83     29     30     84     83     79.6526      0.1500
hb-dihd      6     12      1      1     84     30     29     31     84     30     29     31     69.7519      0.1500
hb-dihd      6     12      1      1     30     84     83     85     30     84     83     85     43.6537      0.1500
hb-dist      7      1      1     33     81     33     81     -8.1000      5.6550      5.0000
hb-angl      7     13      1      1     32     33     81     32     33     81    142.3055      1.5000
hb-angl      7     14      1      1     80     81     33     80     81     33    161.7460      1.5000
hb-dihd      7     14      1      1     32     33     81     80     32     33     81     80     79.6526      0.1500
hb-dihd      7     14      1      1     81     33     32     34     81     33     32     34     69.7519      0.1500
hb-dihd      7     14      1      1     33     81     80     82     33     81     80     82     43.6537      0.1500
hb-dist      8      1      1     36     78     36     78     -8.1000      5.6550      5.0000
hb-angl      8     15      1      1     35     36     78     35     36     78    161.7460      1.5000
hb-angl      8     16      1      1     77     78     36     77     78     36    142.3055      1.5000
hb-dihd      8     16      1      1     35     36     78     77     35     36     78     77     79.6526      0.1500
hb-dihd      8     16      1      1     78     36     35     37     78     36     35     37     43.6537      0.1500
hb-dihd      8     16      1      1     36     78     77     79     36     78     77     79     69.7519      0.1500
hb-dist      9      1      1     12     60     12     60     -2.7000      6.6287      5.0000
hb-angl      9     17      1      1     11     12     60     11     12     60     69.5357      1.5000
hb-angl      9     18      1      1     59     60     12     59     60     12     96.6682      1.5000
hb-dihd      9     18      1      1     11     12     60     59     11     12     60     59   -166.4504      0.1500
hb-dihd      9     18      1      1     60     12     11     13     60     12     11     13     79.7844      0.1500
hb-dihd      9     18      1      1     12     60     59     61     12     60     59     61     76.3585      0.1500
hb-dist     10      1      1     11     60     11     60     -2.7000      6.7161      5.0000
hb-angl     10     19      1      1     13     11     60     13     11     60     86.7667      1.5000
hb-angl     10     20      1      1     59     60     11     59     60     11    137.8785      1.5000
hb-dihd     10     20      1      1     13     11     60     59     13     11     60     59    -87.9055      0.1500
hb-dihd     10     20      1      1     60     11     13     14     60     11     13     14     12.9266      0.1500
hb-dihd     10     20      1      1     11     60     59     61     11     60     59     61     62.6179      0.1500
hb-dist     11      1      1     17     61     17     61     -2.7000      4.7966      5.0000
hb-angl     11     21      1      1     19     17     61     19     17     61    138.0309      1.5000
hb-angl     11     22      1      1     62     61     17     62     61     17    128.0317      1.5000
hb-dihd     11     22      1      1     19     17     61     62     19     17     61     62     31.9015      0.1500
hb-dihd     11     22      1      1     61     17     19     20     61     17     19     20     40.4736      0.1500
hb-dihd     11     22      1      1     17     61     62     64     17     61     62     64    -19.6009      0.1500
hb-dist     12      1      1     21     72     21     72     -5.4000      6.8467      5.0000
hb-angl     12     23      1      1     20     21     72     20     21     72     72.9665      1.5000
hb-angl     12     24      1      1     71     72     21     71     72     21    171.2286      1.5000
hb-dihd     12     24      1      1     20     21     72     71     20     21     72     71    -58.2395      0.1500
hb-dihd     12     24      1      1     72     21     20     22     72     21     20     22     96.5023      0.1500
hb-dihd     12     24      1      1     21     72     71     73     21     72     71     73    -33.0026      0.1500
hb-dist     13      1      1     20     72     20     72     -2.7000      7.2047      5.0000
hb-angl     13     25      1      1     22     20     72     22     20     72    104.4814      1.5000
hb-angl     13     26      1      1     71     72     20     71     72     20    133.1796      1.5000
hb-dihd     13     26      1      1     22     20     72     71     22     20     72     71     62.1968      0.1500
hb-dihd     13     26      1      1     72     20     22     23     72     20     22     23     36.2275      0.1500
hb-dihd     13     26      1      1     20     72     71     73     20     72     71     73    -83.8914      0.1500
hb-dist     14      1      1     24     36     24     36     -5.4000      5.8550      5.0000
hb-angl     14     27      1      1     23     24     36     23     24     36    143.6900      1.5000
hb-angl     14     28      1      1     35     36     24     35     36     24    114.8212      1.5000
hb-dihd     14     28      1      1     23     24     36     35     23     24     36     35   -155.7038      0.1500
hb-dihd     14     28      1      1     36     24     23     25     36     24     23     25     55.3956      0.1500
hb-dihd     14     28      1      1     24     36     35     37     24     36     35     37    -71.0011      0.1500
hb-dist     15      1      1     41     75     41     75     -2.7000      6.9376      5.0000
hb-angl     15     29      1      1     43     41     75     43     41     75     95.8625      1.5000
hb-angl     15     30      1      1     74     75     41     74     75     41    149.0551      1.5000
hb-dihd     15     30      1      1     43     41     75     74     43     41     75     74     84.7669      0.1500
hb-dihd     15     30      1      1     75     41     43     44     75     41     43     44     29.5415      0.1500
hb-dihd     15     30      1      1     41     75     74     76     41     75     74     76     58.2202      0.1500
hb-dist     16      1      1     42     75     42     75     -2.7000      7.5776      5.0000
hb-angl     16     31      1      1     41     42     75     41     42     75     64.6420      1.5000
hb-angl     16     32      1      1     74     75     42     74     75     42    168.6211      1.5000
hb-dihd     16     32      1      1     41     42     75     74     41     42     75     74    116.9088      0.1500
hb-dihd     16     32      1      1     75     42     41     43     75     42     41     43     92.0808      0.1500
hb-dihd     16     32      1      1     42     75     74     76     42     75     74     76    -41.8073      0.1500
hb-dist     17      1      1     44     69     44     69     -2.7000      7.0585      5.0000
hb-angl     17     33      1      1     46     44     69     46     44     69     97.2648      1.5000
hb-angl     17     34      1      1     68     69     44     68     69     44    151.8024      1.5000
hb-dihd     17     34      1      1     46     44     69     68     46     44     69     68     96.3923      0.1500
hb-dihd     17     34      1      1     69     44     46     47     69     44     46     47     30.5539      0.1500
hb-dihd     17     34      1      1     44     69     68     70     44     69     68     70     56.4458      0.1500
hb-dist     18      1      1     45     69     45     69     -2.7000      7.8264      5.0000
hb-angl     18     35      1      1     44     45     69     44     45     69     63.5949      1.5000
hb-angl     18     36      1      1     68     69     45     68     69     45    165.7121      1.5000
hb-dihd     18     36      1      1     44     45     69     68     44     45     69     68    121.1708      0.1500
hb-dihd     18     36      1      1     69     45     44     46     69     45     44     46     95.2487      0.1500
hb-dihd     18     36      1      1     45     69     68     70     45     69     68     70    -41.7656      0.1500
hb-dist     19      1      1     48     61     48     61     -2.7000      6.6198      5.0000
hb-angl     19     37      1      1     47     48     61     47     48     61     94.8561      1.5000
hb-angl     19     38      1      1     62     61     48     62     61     48    121.7951      1.5000
hb-dihd     19     38      1      1     47     48     61     62     47     48     61     62     -2.2890      0.1500
hb-dihd     19     38      1      1     61     48     47     49     61     48     47     49     87.0420      0.1500
hb-dihd     19     38      1      1     48     61     62     64     48     61     62     64    100.1738      0.1500
hb-dist     20      1      1     47     63     47     63     -5.4000      6.2470      5.0000
hb-angl     20     39      1      1     49     47     63     49     47     63     72.8105      1.5000
hb-angl     20     40      1      1     62     63     47     62     63     47    117.3113      1.5000
hb-dihd     20     40      1      1     49     47     63     62     49     47     63     62   -127.7209      0.1500
hb-dihd     20     40      1      1     63     47     49     50     63     47     49     50     69.2380      0.1500
hb-dihd     20     40      1      1     47     63     62     64     47     63     62     64    -71.0772      0.1500
hb-dist     21      1      1     51     59     51     59     -2.7000      7.3850      5.0000
hb-angl     21     41      1      1     50     51     59     50     51     59     52.1446      1.5000
hb-angl     21     42      1      1     61     59     51     61     59     51     81.1627      1.5000
hb-dihd     21     42      1      1     50     51     59     61     50     51     59     61     87.9948      0.1500
hb-dihd     21     42      1      1     59     51     50     52     59     51     50     52     83.7418      0.1500
hb-dihd     21     42      1      1     51     59     61     62     51     59     61     62   -123.8184      0.1500
hb-dist     22      1      1     50     59     50     59     -2.7000      5.8317      5.0000
hb-angl     22     43      1      1     52     50     59     52     50     59     83.7452      1.5000
hb-angl     22     44      1      1     61     59     50     61     59     50     81.7426      1.5000
hb-dihd     22     44      1      1     52     50     59     61     52     50     59     61    166.0999      0.1500
hb-dihd     22     44      1      1     59     50     52     53     59     50     52     53     35.2684      0.1500
hb-dihd     22     44      1      1     50     59     61     62     50     59     61     62    -86.4986      0.1500
hb-dist     23      1      1     59     15     59     15     -2.7000      7.1548      5.0000
hb-angl     23     45      1      1     61     59     15     61     59     15     70.9080      1.5000
hb-angl     23     46      1      1     14     15     59     14     15     59     73.2223      1.5000
hb-dihd     23     46      1      1     61     59     15     14     61     59     15     14    -96.3161      0.1500
hb-dihd     23     46      1      1     15     59     61     62     15     59     61     62   -168.4463      0.1500
hb-dihd     23     46      1      1     59     15     14     16     59     15     14     16    117.5725      0.1500
hb-dist     24      1      1     66     47     66     47     -2.7000      6.5046      5.0000
hb-angl     24     47      1      1     65     66     47     65     66     47    162.1767      1.5000
hb-angl     24     48      1      1     49     47     66     49     47     66    100.2379      1.5000
hb-dihd     24     48      1      1     65     66     47     49     65     66     47     49   -106.2338      0.1500
hb-dihd     24     48      1      1     47     66     65     67     47     66     65     67    -87.4843      0.1500
hb-dihd     24     48      1      1     66     47     49     50     66     47     49     50     84.6885      0.1500
hb-dist     25      1      1     75     24     75     24     -2.7000      7.0544      5.0000
hb-angl     25     49      1      1     74     75     24     74     75     24    131.2964      1.5000
hb-angl     25     50      1      1     23     24     75     23     24     75     87.3817      1.5000
hb-dihd     25     50      1      1     74     75     24     23     74     75     24     23    -28.4022      0.1500
hb-dihd     25     50      1      1     24     75     74     76     24     75     74     76    -77.3599      0.1500
hb-dihd     25     50      1      1     75     24     23     25     75     24     23     25    104.4793      0.1500
hb-dist     26      1      1     78     24     78     24     -2.7000      7.3491      5.0000
hb-angl     26     51      1      1     77     78     24     77     78     24    171.6640      1.5000
hb-angl     26     52      1      1     23     24     78     23     24     78     98.9840      1.5000
hb-dihd     26     52      1      1     77     78     24     23     77     78     24     23     22.6283      0.1500
hb-dihd     26     52      1      1     24     78     77     79     24     78     77     79   -112.7891      0.1500
hb-dihd     26     52      1      1     78     24     23     25     78     24     23     25     77.7204      0.1500
hb-dist     27      1      1     60     39     60     39     -5.4000      5.8815      5.0000
hb-angl     27     53      1      1     59     60     39     59     60     39    156.3201      1.5000
hb-angl     27     54      1      1     38     39     60     38     39     60    143.9098      1.5000
hb-dihd     27     54      1      1     59     60     39     38     59     60     39     38     71.9578      0.1500
hb-dihd     27     54      1      1     39     60     59     61     39     60     59     61     54.6888      0.1500
hb-dihd     27     54      1      1     60     39     38     40     60     39     38     40     67.3054      0.1500
hb-dist     28      1      1     63     39     63     39     -5.4000      5.8815      5.0000
hb-angl     28     55      1      1     62     63     39     62     63     39    156.3201      1.5000
hb-angl     28     56      1      1     38     39     63     38     39     63    143.9098      1.5000
hb-dihd     28     56      1      1     62     63     39     38     62     63     39     38     71.9578      0.1500
hb-dihd     28     56      1      1     39     63     62     64     39     63     62     64     54.6888      0.1500
hb-dihd     28     56      1      1     63     39     38     40     63     39     38     40     67.3054      0.1500
hb-dist     29      1      1     69     39     69     39     -5.4000      5.8815      5.0000
hb-angl     29     57      1      1     68     69     39     68     69     39    156.3201      1.5000
hb-angl     29     58      1      1     38     39     69     38     39     69    143.9098      1.5000
hb-dihd     29     58      1      1     68     69     39     38     68     69     39     38     71.9578      0.1500
hb-dihd     29     58      1      1     39     69     68     70     39     69     68     70     54.6888      0.1500
hb-dihd     29     58      1      1     69     39     38     40     69     39     38     40     67.3054      0.1500
hb-dist     30      1      1     72     39     72     39     -5.4000      5.8815      5.0000
hb-angl     30     59      1      1     71     72     39     71     72     39    156.3201      1.5000
hb-angl     30     60      1      1     38     39     72     38     39     72    143.9098      1.5000
hb-dihd     30     60      1      1     71     72     39     38     71     72     39     38     71.9578      0.1500
hb-dihd     30     60      1      1     39     72     71     73     39     72     71     73     54.6888      0.1500
hb-dihd     30     60      1      1     72     39     38     40     72     39     38     40     67.3054      0.1500
hb-dist     31      1      1     75     39     75     39     -5.4000      5.8815      5.0000
hb-angl     31     61      1      1     74     75     39     74     75     39    156.3201      1.5000
hb-angl     31     62      1      1     38     39     75     38     39     75    143.9098      1.5000
hb-dihd     31     62      1      1     74     75     39     38     74     75     39     38     71.9578      0.1500
hb-dihd     31     62      1      1     39     75     74     76     39     75     74     76     54.6888      0.1500
hb-dihd     31     62      1      1     75     39     38     40     75     39     38     40     67.3054      0.1500
hb-dist     32      1      1      3     24      3     24     -8.1000      5.6550      5.0000
hb-angl     32     63      1      1      2      3     24      2      3     24    161.7460      1.5000
hb-angl     32     64      1      1     23     24      3     23     24      3    142.3055      1.5000
hb-dihd     32     64      1      1      2      3     24     23      2      3     24     23     79.6526      0.1500
hb-dihd     32     64      1      1     24      3      2      4     24      3      2      4     43.6537      0.1500
hb-dihd     32     64      1      1      3     24     23     25      3     24     23     25     69.7519      0.1500
hb-dist     33      1      1      3     30      3     30     -8.1000      5.6550      5.0000
hb-angl     33     65      1      1      2      3     30      2      3     30    161.7460      1.5000
hb-angl     33     66      1      1     29     30      3     29     30      3    142.3055      1.5000
hb-dihd     33     66      1      1      2      3     30     29      2      3     30     29     79.6526      0.1500
hb-dihd     33     66      1      1     30      3      2      4     30      3      2      4     43.6537      0.1500
hb-dihd     33     66      1      1      3     30     29     31      3     30     29     31     69.7519      0.1500
hb-dist     34      1      1      3     33      3     33     -8.1000      5.6550      5.0000
hb-angl     34     67      1      1      2      3     33      2      3     33    161.7460      1.5000
hb-angl     34     68      1      1     32     33      3     32     33      3    142.3055      1.5000
hb-dihd     34     68      1      1      2      3     33     32      2      3     33     32     79.6526      0.1500
hb-dihd     34     68      1      1     33      3      2      4     33      3      2      4     43.6537      0.1500
hb-dihd     34     68      1      1      3     33     32     34      3     33     32     34     69.7519      0.1500
hb-dist     35      1      1      3     42      3     42     -8.1000      5.6550      5.0000
hb-angl     35     69      1      1      2      3     42      2      3     42    161.7460      1.5000
hb-angl     35     70      1      1     41     42      3     41     42      3    142.3055      1.5000
hb-dihd     35     70      1      1      2      3     42     41      2      3     42     41     79.6526      0.1500
hb-dihd     35     70      1      1     42      3      2      4     42      3      2      4     43.6537      0.1500
hb-dihd     35     70      1      1      3     42     41     43      3     42     41     43     69.7519      0.1500
hb-dist     36      1      1      3     45      3     45     -8.1000      5.6550      5.0000
hb-angl     36     71      1      1      2      3     45      2      3     45    161.7460      1.5000
hb-angl     36     72      1      1     44     45      3     44     45      3    142.3055      1.5000
hb-dihd     36     72      1      1      2      3     45     44      2      3     45     44     79.6526      0.1500
hb-dihd     36     72      1      1     45      3      2      4     45      3      2      4     43.6537      0.1500
hb-dihd     36     72      1      1      3     45     44     46      3     45     44     46     69.7519      0.1500
hb-dist     37      1      1      3     51      3     51     -8.1000      5.6550      5.0000
hb-angl     37     73      1      1      2      3     51      2      3     51    161.7460      1.5000
hb-angl     37     74      1      1     50     51      3     50     51      3    142.3055      1.5000
hb-dihd     37     74      1      1      2      3     51     50      2      3     51     50     79.6526      0.1500
hb-dihd     37     74      1      1     51      3      2      4     51      3      2      4     43.6537      0.1500
hb-dihd     37     74      1      1      3     51     50     52      3     51     50     52     69.7519      0.1500
hb-dist     38      1      1      3     66      3     66     -8.1000      5.6550      5.0000
hb-angl     38     75      1      1      2      3     66      2      3     66    161.7460      1.5000
hb-angl     38     76      1      1     65     66      3     65     66      3    142.3055      1.5000
hb-dihd     38     76      1      1      2      3     66     65      2      3     66     65     79.6526      0.1500
hb-dihd     38     76      1      1     66      3      2      4     66      3      2      4     43.6537      0.1500
hb-dihd     38     76      1      1      3     66     65     67      3     66     65     67     69.7519      0.1500
hb-dist     39      1      1      3     78      3     78     -8.1000      5.6550      5.0000
hb-angl     39     77      1      1      2      3     78      2      3     78    161.7460      1.5000
hb-angl     39     78      1      1     77     78      3     77     78      3    142.3055      1.5000
hb-dihd     39     78      1      1      2      3     78     77      2      3     78     77     79.6526      0.1500
hb-dihd     39     78      1      1     78      3      2      4     78      3      2      4     43.6537      0.1500
hb-dihd     39     78      1      1      3     78     77     79      3     78     77     79     69.7519      0.1500
hb-dist     40      1      1      6     24      6     24     -8.1000      5.6550      5.0000
hb-angl     40     79      1      1      5      6     24      5      6     24    161.7460      1.5000
hb-angl     40     80      1      1     23     24      6     23     24      6    142.3055      1.5000
hb-dihd     40     80      1      1      5      6     24     23      5      6     24     23     79.6526      0.1500
hb-dihd     40     80      1      1     24      6      5      7     24      6      5      7     43.6537      0.1500
hb-dihd     40     80      1      1      6     24     23     25      6     24     23     25     69.7519      0.1500
hb-dist     41      1      1      6     30      6     30     -8.1000      5.6550      5.0000
hb-angl     41     81      1      1      5      6     30      5      6     30    161.7460      1.5000
hb-angl     41     82      1      1     29     30      6     29     30      6    142.3055      1.5000
hb-dihd     41     82      1      1      5      6     30     29      5      6     30     29     79.6526      0.1500
hb-dihd     41     82      1      1     30      6      5      7     30      6      5      7     43.6537      0.1500
hb-dihd     41     82      1      1      6     30     29     31      6     30     29     31     69.7519      0.1500
hb-dist     42      1      1      6     33      6     33     -8.1000      5.6550      5.0000
hb-angl     42     83      1      1      5      6     33      5      6     33    161.7460      1.5000
hb-angl     42     84      1      1     32     33      6     32     33      6    142.3055      1.5000
hb-dihd     42     84      1      1      5      6     33     32      5      6     33     32     79.6526      0.1500
hb-dihd     42     84      1      1     33      6      5      7     33      6      5      7     43.6537      0.1500
hb-dihd     42     84      1      1      6     33     32     34      6     33     32     34     69.7519      0.1500
hb-dist     43      1      1      6     42      6     42     -8.1000      5.6550      5.0000
hb-angl     43     85      1      1      5      6     42      5      6     42    161.7460      1.5000
hb-angl     43     86      1      1     41     42      6     41     42      6    142.3055      1.5000
hb-dihd     43     86      1      1      5      6     42     41      5      6     42     41     79.6526      0.1500
hb-dihd     43     86      1      1     42      6      5      7     42      6      5      7     43.6537      0.1500
hb-dihd     43     86      1      1      6     42     41     43      6     42     41     43     69.7519      0.1500
hb-dist     44      1      1      6     45      6     45     -8.1000      5.6550      5.0000
hb-angl     44     87      1      1      5      6     45      5      6     45    161.7460      1.5000
hb-angl     44     88      1      1     44     45      6     44     45      6    142.3055      1.5000
hb-dihd     44     88      1      1      5      6     45     44      5      6     45     44     79.6526      0.1500
hb-dihd     44     88      1      1     45      6      5      7     45      6      5      7     43.6537      0.1500
hb-dihd     44     88      1      1      6     45     44     46      6     45     44     46     69.7519      0.1500
hb-dist     45      1      1      6     51      6     51     -8.1000      5.6550      5.0000
hb-angl     45     89      1      1      5      6     51      5      6     51    161.7460      1.5000
hb-angl     45     90      1      1     50     51      6     50     51      6    142.3055      1.5000
hb-dihd     45     90      1      1      5      6     51     50      5      6     51     50     79.6526      0.1500
hb-dihd     45     90      1      1     51      6      5      7     51      6      5      7     43.6537      0.1500
hb-dihd     45     90      1      1      6     51     50     52      6     51     50     52     69.7519      0.1500
hb-dist     46      1      1      6     66      6     66     -8.1000      5.6550      5.0000
hb-angl     46     91      1      1      5      6     66      5      6     66    161.7460      1.5000
hb-angl     46     92      1      1     65     66      6     65     66      6    142.3055      1.5000
hb-dihd     46     92      1      1      5      6     66     65      5      6     66     65     79.6526      0.1500
hb-dihd     46     92      1      1     66      6      5      7     66      6      5      7     43.6537      0.1500
hb-dihd     46     92      1      1      6     66     65     67      6     66     65     67     69.7519      0.1500
hb-dist     47      1      1      6     78      6     78     -8.1000      5.6550      5.0000
hb-angl     47     93      1      1      5      6     78      5      6     78    161.7460      1.5000
hb-angl     47     94      1      1     77     78      6     77     78      6    142.3055      1.5000
hb-dihd     47     94      1      1      5      6     78     77      5      6     78     77     79.6526      0.1500
hb-dihd     47     94      1      1     78      6      5      7     78      6      5      7     43.6537      0.1500
hb-dihd     47     94      1      1      6     78     77     79      6     78     77     79     69.7519      0.1500
hb-dist     48      1      1     12     30     12     30     -8.1000      5.6550      5.0000
hb-angl     48     95      1      1     11     12     30     11     12     30    161.7460      1.5000
hb-angl     48     96      1      1     29     30     12     29     30     12    142.3055      1.5000
hb-dihd     48     96      1      1     11     12     30     29     11     12     30     29     79.6526      0.1500
hb-dihd     48     96      1      1     30     12     11     13     30     12     11     13     43.6537      0.1500
hb-dihd     48     96      1      1     12     30     29     31     12     30     29     31     69.7519      0.1500
hb-dist     49      1      1     12     33     12     33     -8.1000      5.6550      5.0000
hb-angl     49     97      1      1     11     12     33     11     12     33    161.7460      1.5000
hb-angl     49     98      1      1     32     33     12     32     33     12    142.3055      1.5000
hb-dihd     49     98      1      1     11     12     33     32     11     12     33     32     79.6526      0.1500
hb-dihd     49     98      1      1     33     12     11     13     33     12     11     13     43.6537      0.1500
hb-dihd     49     98      1      1     12     33     32     34     12     33     32     34     69.7519      0.1500
hb-dist     50      1      1     12     42     12     42     -8.1000      5.6550      5.0000
hb-angl     50     99      1      1     11     12     42     11     12     42    161.7460      1.5000
hb-angl     50    100      1      1     41     42     12     41     42     12    142.3055      1.5000
hb-dihd     50    100      1      1     11     12     42     41     11     12     42     41     79.6526      0.1500
hb-dihd     50    100      1      1     42     12     11     13     42     12     11     13     43.6537      0.1500
hb-dihd     50    100      1      1     12     42     41     43     12     42     41     43     69.7519      0.1500
hb-dist     51      1      1     12     45     12     45     -8.1000      5.6550      5.0000
hb-angl     51    101      1      1     11     12     45     11     12     45    161.7460      1.5000
hb-angl     51    102      1      1     44     45     12     44     45     12    142.3055      1.5000
hb-dihd     51    102      1      1     11     12     45     44     11     12     45     44     79.6526      0.1500
hb-dihd     51    102      1      1     45     12     11     13     45     12     11     13     43.6537      0.1500
hb-dihd     51    102      1      1     12     45     44     46     12     45     44     46     69.7519      0.1500
hb-dist     52      1      1     12     66     12     66     -8.1000      5.6550      5.0000
hb-angl     52    103      1      1     11     12     66     11     12     66    161.7460      1.5000
hb-angl     52    104      1      1     65     66     12     65     66     12    142.3055      1.5000
hb-dihd     52    104      1      1     11     12     66     65     11     12     66     65     79.6526      0.1500
hb-dihd     52    104      1      1     66     12     11     13     66     12     11     13     43.6537      0.1500
hb-dihd     52    104      1      1     12     66     65     67     12     66     65     67     69.7519      0.1500
hb-dist     53      1      1     12     78     12     78     -8.1000      5.6550      5.0000
hb-angl     53    105      1      1     11     12     78     11     12     78    161.7460      1.5000
hb-angl     53    106      1      1     77     78     12     77     78     12    142.3055      1.5000
hb-dihd     53    106      1      1     11     12     78     77     11     12     78     77     79.6526      0.1500
hb-dihd     53    106      1      1     78     12     11     13     78     12     11     13     43.6537      0.1500
hb-dihd     53    106      1      1     12     78     77     79     12     78     77     79     69.7519      0.1500
hb-dist     54      1      1     18     33     18     33     -8.1000      5.6550      5.0000
hb-angl     54    107      1      1     17     18     33     17     18     33    161.7460      1.5000
hb-angl     54    108      1      1     32     33     18     32     33     18    142.3055      1.5000
hb-dihd     54    108      1      1     17     18     33     32     17     18     33     32     79.6526      0.1500
hb-dihd     54    108      1      1     33     18     17     19     33     18     17     19     43.6537      0.1500
hb-dihd     54    108      1      1     18     33     32     34     18     33     32     34     69.7519      0.1500
hb-dist     55      1      1     18     42     18     42     -8.1000      5.6550      5.0000
hb-angl     55    109      1      1     17     18     42     17     18     42    161.7460      1.5000
hb-angl     55    110      1      1     41     42     18     41     42     18    142.3055      1.5000
hb-dihd     55    110      1      1     17     18     42     41     17     18     42     41     79.6526      0.1500
hb-dihd     55    110      1      1     42     18     17     19     42     18     17     19     43.6537      0.1500
hb-dihd     55    110      1      1     18     42     41     43     18     42     41     43     69.7519      0.1500
hb-dist     56      1      1     18     51     18     51     -8.1000      5.6550      5.0000
hb-angl     56    111      1      1     17     18     51     17     18     51    161.7460      1.5000
hb-angl     56    112      1      1     50     51     18     50     51     18    142.3055      1.5000
hb-dihd     56    112      1      1     17     18     51     50     17     18     51     50     79.6526      0.1500
hb-dihd     56    112      1      1     51     18     17     19     51     18     17     19     43.6537      0.1500
hb-dihd     56    112      1      1     18     51     50     52     18     51     50     52     69.7519      0.1500
hb-dist     57      1      1     18     66     18     66     -8.1000      5.6550      5.0000
hb-angl     57    113      1      1     17     18     66     17     18     66    161.7460      1.5000
hb-angl     57    114      1      1     65     66     18     65     66     18    142.3055      1.5000
hb-dihd     57    114      1      1     17     18     66     65     17     18     66     65     79.6526      0.1500
hb-dihd     57    114      1      1     66     18     17     19     66     18     17     19     43.6537      0.1500
hb-dihd     57    114      1      1     18     66     65     67     18     66     65     67     69.7519      0.1500
hb-dist     58      1      1     18     78     18     78     -8.1000      5.6550      5.0000
hb-angl     58    115      1      1     17     18     78     17     18     78    161.7460      1.5000
hb-angl     58    116      1      1     77     78     18     77     78     18    142.3055      1.5000
hb-dihd     58    116      1      1     17     18     78     77     17     18     78     77     79.6526      0.1500
hb-dihd     58    116      1      1     78     18     17     19     78     18     17     19     43.6537      0.1500
hb-dihd     58    116      1      1     18     78     77     79     18     78     77     79     69.7519      0.1500
hb-dist     59      1      1     21     45     21     45     -8.1000      5.6550      5.0000
hb-angl     59    117      1      1     20     21     45     20     21     45    161.7460      1.5000
hb-angl     59    118      1      1     44     45     21     44     45     21    142.3055      1.5000
hb-dihd     59    118      1      1     20     21     45     44     20     21     45     44     79.6526      0.1500
hb-dihd     59    118      1      1     45     21     20     22     45     21     20     22     43.6537      0.1500
hb-dihd     59    118      1      1     21     45     44     46     21     45     44     46     69.7519      0.1500
hb-dist     60      1      1     21     51     21     51     -8.1000      5.6550      5.0000
hb-angl     60    119      1      1     20     21     51     20     21     51    161.7460      1.5000
hb-angl     60    120      1      1     50     51     21     50     51     21    142.3055      1.5000
hb-dihd     60    120      1      1     20     21     51     50     20     21     51     50     79.6526      0.1500
hb-dihd     60    120      1      1     51     21     20     22     51     21     20     22     43.6537      0.1500
hb-dihd     60    120      1      1     21     51     50     52     21     51     50     52     69.7519      0.1500
hb-dist     61      1      1     21     66     21     66     -8.1000      5.6550      5.0000
hb-angl     61    121      1      1     20     21     66     20     21     66    161.7460      1.5000
hb-angl     61    122      1      1     65     66     21     65     66     21    142.3055      1.5000
hb-dihd     61    122      1      1     20     21     66     65     20     21     66     65     79.6526      0.1500
hb-dihd     61    122      1      1     66     21     20     22     66     21     20     22     43.6537      0.1500
hb-dihd     61    122      1      1     21     66     65     67     21     66     65     67     69.7519      0.1500
hb-dist     62      1      1     21     78     21     78     -8.1000      5.6550      5.0000
hb-angl     62    123      1      1     20     21     78     20     21     78    161.7460      1.5000
hb-angl     62    124      1      1     77     78     21     77     78     21    142.3055      1.5000
hb-dihd     62    124      1      1     20     21     78     77     20     21     78     77     79.6526      0.1500
hb-dihd     62    124      1      1     78     21     20     22     78     21     20     22     43.6537      0.1500
hb-dihd     62    124      1      1     21     78     77     79     21     78     77     79     69.7519      0.1500
hb-dist     63      1      1     36      9     36      9     -8.1000      5.6550      5.0000
hb-angl     63    125      1      1     35     36      9     35     36      9    161.7460      1.5000
hb-angl     63    126      1      1      8      9     36      8      9     36    142.3055      1.5000
hb-dihd     63    126      1      1     35     36      9      8     35     36      9      8     79.6526      0.1500
hb-dihd     63    126      1      1      9     36     35     37      9     36     35     37     43.6537      0.1500
hb-dihd     63    126      1      1     36      9      8     10     36      9      8     10     69.7519      0.1500
hb-dist     64      1      1     36     15     36     15     -8.1000      5.6550      5.0000
hb-angl     64    127      1      1     35     36     15     35     36     15    161.7460      1.5000
hb-angl     64    128      1      1     14     15     36     14     15     36    142.3055      1.5000
hb-dihd     64    128      1      1     35     36     15     14     35     36     15     14     79.6526      0.1500
hb-dihd     64    128      1      1     15     36     35     37     15     36     35     37     43.6537      0.1500
hb-dihd     64    128      1      1     36     15     14     16     36     15     14     16     69.7519      0.1500
hb-dist     65      1      1     36     51     36     51     -8.1000      5.6550      5.0000
hb-angl     65    129      1      1     35     36     51     35     36     51    161.7460      1.5000
hb-angl     65    130      1      1     50     51     36     50     51     36    142.3055      1.5000
hb-dihd     65    130      1      1     35     36     51     50     35     36     51     50     79.6526      0.1500
hb-dihd     65    130      1      1     51     36     35     37     51     36     35     37     43.6537      0.1500
hb-dihd     65    130      1      1     36     51     50     52     36     51     50     52     69.7519      0.1500
hb-dist     66      1      1     36     66     36     66     -8.1000      5.6550      5.0000
hb-angl     66    131      1      1     35     36     66     35     36     66    161.7460      1.5000
hb-angl     66    132      1      1     65     66     36     65     66     36    142.3055      1.5000
hb-dihd     66    132      1      1     35     36     66     65     35     36     66     65     79.6526      0.1500
hb-dihd     66    132      1      1     66     36     35     37     66     36     35     37     43.6537      0.1500
hb-dihd     66    132      1      1     36     66     65     67     36     66     65     67     69.7519      0.1500
hb-dist     67      1      1     48      9     48      9     -8.1000      5.6550      5.0000
hb-angl     67    133      1      1     47     48      9     47     48      9    161.7460      1.5000
hb-angl     67    134      1      1      8      9     48      8      9     48    142.3055      1.5000
hb-dihd     67    134      1      1     47     48      9      8     47     48      9      8     79.6526      0.1500
hb-dihd     67    134      1      1      9     48     47     49      9     48     47     49     43.6537      0.1500
hb-dihd     67    134      1      1     48      9      8     10     48      9      8     10     69.7519      0.1500
hb-dist     68      1      1     48     24     48     24     -8.1000      5.6550      5.0000
hb-angl     68    135      1      1     47     48     24     47     48     24    161.7460      1.5000
hb-angl     68    136      1      1     23     24     48     23     24     48    142.3055      1.5000
hb-dihd     68    136      1      1     47     48     24     23     47     48     24     23     79.6526      0.1500
hb-dihd     68    136      1      1     24     48     47     49     24     48     47     49     43.6537      0.1500
hb-dihd     68    136      1      1     48     24     23     25     48     24     23     25     69.7519      0.1500
hb-dist     69      1      1     48     30     48     30     -8.1000      5.6550      5.0000
hb-angl     69    137      1      1     47     48     30     47     48     30    161.7460      1.5000
hb-angl     69    138      1      1     29     30     48     29     30     48    142.3055      1.5000
hb-dihd     69    138      1      1     47     48     30     29     47     48     30     29     79.6526      0.1500
hb-dihd     69    138      1      1     30     48     47     49     30     48     47     49     43.6537      0.1500
hb-dihd     69    138      1      1     48     30     29     31     48     30     29     31     69.7519      0.1500
hb-dist     70      1      1     48     33     48     33     -8.1000      5.6550      5.0000
hb-angl     70    139      1      1     47     48     33     47     48     33    161.7460      1.5000
hb-angl     70    140      1      1     32     33     48     32     33     48    142.3055      1.5000
hb-dihd     70    140      1      1     47     48     33     32     47     48     33     32     79.6526      0.1500
hb-dihd     70    140      1      1     33     48     47     49     33     48     47     49     43.6537      0.1500
hb-dihd     70    140      1      1     48     33     32     34     48     33     32     34     69.7519      0.1500
hb-dist     71      1      1     48     78     48     78     -8.1000      5.6550      5.0000
hb-angl     71    141      1      1     47     48     78     47     48     78    161.7460      1.5000
hb-angl     71    142      1      1     77     78     48     77     78     48    142.3055      1.5000
hb-dihd     71    142      1      1     47     48     78     77     47     48     78     77     79.6526      0.1500
hb-dihd     71    142      1      1     78     48     47     49     78     48     47     49     43.6537      0.1500
hb-dihd     71    142      1      1     48     78     77     79     48     78     77     79     69.7519      0.1500
hb-dist     72      1      1     54     15     54     15     -8.1000      5.6550      5.0000
hb-angl     72    143      1      1     53     54     15     53     54     15    161.7460      1.5000
hb-angl     72    144      1      1     14     15     54     14     15     54    142.3055      1.5000
hb-dihd     72    144      1      1     53     54     15     14     53     54     15     14     79.6526      0.1500
hb-dihd     72    144      1      1     15     54     53     55     15     54     53     55     43.6537      0.1500
hb-dihd     72    144      1      1     54     15     14     16     54     15     14     16     69.7519      0.1500
hb-dist     73      1      1     54     24     54     24     -8.1000      5.6550      5.0000
hb-angl     73    145      1      1     53     54     24     53     54     24    161.7460      1.5000
hb-angl     73    146      1      1     23     24     54     23     24     54    142.3055      1.5000
hb-dihd     73    146      1      1     53     54     24     23     53     54     24     23     79.6526      0.1500
hb-dihd     73    146      1      1     24     54     53     55     24     54     53     55     43.6537      0.1500
hb-dihd     73    146      1      1     54     24     23     25     54     24     23     25     69.7519      0.1500
hb-dist     74      1      1     54     30     54     30     -8.1000      5.6550      5.0000
hb-angl     74    147      1      1     53     54     30     53     54     30    161.7460      1.5000
hb-angl     74    148      1      1     29     30     54     29     30     54    142.3055      1.5000
hb-dihd     74    148      1      1     53     54     30     29     53     54     30     29     79.6526      0.1500
hb-dihd     74    148      1      1     30     54     53     55     30     54     53     55     43.6537      0.1500
hb-dihd     74    148      1      1     54     30     29     31     54     30     29     31     69.7519      0.1500
hb-dist     75      1      1     54     33     54     33     -8.1000      5.6550      5.0000
hb-angl     75    149      1      1     53     54     33     53     54     33    161.7460      1.5000
hb-angl     75    150      1      1     32     33     54     32     33     54    142.3055      1.5000
hb-dihd     75    150      1      1     53     54     33     32     53     54     33     32     79.6526      0.1500
hb-dihd     75    150      1      1     33     54     53     55     33     54     53     55     43.6537      0.1500
hb-dihd     75    150      1      1     54     33     32     34     54     33     32     34     69.7519      0.1500
hb-dist     76      1      1     54     78     54     78     -8.1000      5.6550      5.0000
hb-angl     76    151      1      1     53     54     78     53     54     78    161.7460      1.5000
hb-angl     76    152      1      1     77     78     54     77     78     54    142.3055      1.5000
hb-dihd     76    152      1      1     53     54     78     77     53     54     78     77     79.6526      0.1500
hb-dihd     76    152      1      1     78     54     53     55     78     54     53     55     43.6537      0.1500
hb-dihd     76    152      1      1     54     78     77     79     54     78     77     79     69.7519      0.1500
hb-dist     77      1      1     57      9     57      9     -8.1000      5.6550      5.0000
hb-angl     77    153      1      1     56     57      9     56     57      9    161.7460      1.5000
hb-angl     77    154      1      1      8      9     57      8      9     57    142.3055      1.5000
hb-dihd     77    154      1      1     56     57      9      8     56     57      9      8     79.6526      0.1500
hb-dihd     77    154      1      1      9     57     56     58      9     57     56     58     43.6537      0.1500
hb-dihd     77    154      1      1     57      9      8     10     57      9      8     10     69.7519      0.1500
hb-dist     78      1      1     57     15     57     15     -8.1000      5.6550      5.0000
hb-angl     78    155      1      1     56     57     15     56     57     15    161.7460      1.5000
hb-angl     78    156      1      1     14     15     57     14     15     57    142.3055      1.5000
hb-dihd     78    156      1      1     56     57     15     14     56     57     15     14     79.6526      0.1500
hb-dihd     78    156      1      1     15     57     56     58     15     57     56     58     43.6537      0.1500
hb-dihd     78    156      1      1     57     15     14     16     57     15     14     16     69.7519      0.1500
hb-dist     79      1      1     57     24     57     24     -8.1000      5.6550      5.0000
hb-angl     79    157      1      1     56     57     24     56     57     24    161.7460      1.5000
hb-angl     79    158      1      1     23     24     57     23     24     57    142.3055      1.5000
hb-dihd     79    158      1      1     56     57     24     23     56     57     24     23     79.6526      0.1500
hb-dihd     79    158      1      1     24     57     56     58     24     57     56     58     43.6537      0.1500
hb-dihd     79    158      1      1     57     24     23     25     57     24     23     25     69.7519      0.1500
hb-dist     80      1      1     57     30     57     30     -8.1000      5.6550      5.0000
hb-angl     80    159      1      1     56     57     30     56     57     30    161.7460      1.5000
hb-angl     80    160      1      1     29     30     57     29     30     57    142.3055      1.5000
hb-dihd     80    160      1      1     56     57     30     29     56     57     30     29     79.6526      0.1500
hb-dihd     80    160      1      1     30     57     56     58     30     57     56     58     43.6537      0.1500
hb-dihd     80    160      1      1     57     30     29     31     57     30     29     31     69.7519      0.1500
hb-dist     81      1      1     57     33     57     33     -8.1000      5.6550      5.0000
hb-angl     81    161      1      1     56     57     33     56     57     33    161.7460      1.5000
hb-angl     81    162      1      1     32     33     57     32     33     57    142.3055      1.5000
hb-dihd     81    162      1      1     56     57     33     32     56     57     33     32     79.6526      0.1500
hb-dihd     81    162      1      1     33     57     56     58     33     57     56     58     43.6537      0.1500
hb-dihd     81    162      1      1     57     33     32     34     57     33     32     34     69.7519      0.1500
hb-dist     82      1      1     57     42     57     42     -8.1000      5.6550      5.0000
hb-angl     82    163      1      1     56     57     42     56     57     42    161.7460      1.5000
hb-angl     82    164      1      1     41     42     57     41     42     57    142.3055      1.5000
hb-dihd     82    164      1      1     56     57     42     41     56     57     42     41     79.6526      0.1500
hb-dihd     82    164      1      1     42     57     56     58     42     57     56     58     43.6537      0.1500
hb-dihd     82    164      1      1     57     42     41     43     57     42     41     43     69.7519      0.1500
hb-dist     83      1      1     57     78     57     78     -8.1000      5.6550      5.0000
hb-angl     83    165      1      1     56     57     78     56     57     78    161.7460      1.5000
hb-angl     83    166      1      1     77     78     57     77     78     57    142.3055      1.5000
hb-dihd     83    166      1      1     56     57     78     77     56     57     78     77     79.6526      0.1500
hb-dihd     83    166      1      1     78     57     56     58     78     57     56     58     43.6537      0.1500
hb-dihd     83    166      1      1     57     78     77     79     57     78     77     79     69.7519      0.1500
hb-dist     84      1      1     81      9     81      9     -8.1000      5.6550      5.0000
hb-angl     84    167      1      1     80     81      9     80     81      9    161.7460      1.5000
hb-angl     84    168      1      1      8      9     81      8      9     81    142.3055      1.5000
hb-dihd     84    168      1      1     80     81      9      8     80     81      9      8     79.6526      0.1500
hb-dihd     84    168      1      1      9     81     80     82      9     81     80     82     43.6537      0.1500
hb-dihd     84    168      1      1     81      9      8     10     81      9      8     10     69.7519      0.1500
hb-dist     85      1      1     81     15     81     15     -8.1000      5.6550      5.0000
hb-angl     85    169      1      1     80     81     15     80     81     15    161.7460      1.5000
hb-angl     85    170      1      1     14     15     81     14     15     81    142.3055      1.5000
hb-dihd     85    170      1      1     80     81     15     14     80     81     15     14     79.6526      0.1500
hb-dihd     85    170      1      1     15     81     80     82     15     81     80     82     43.6537      0.1500
hb-dihd     85    170      1      1     81     15     14     16     81     15     14     16     69.7519      0.1500
hb-dist     86      1      1     81     24     81     24     -8.1000      5.6550      5.0000
hb-angl     86    171      1      1     80     81     24     80     81     24    161.7460      1.5000
hb-angl     86    172      1      1     23     24     81     23     24     81    142.3055      1.5000
hb-dihd     86    172      1      1     80     81     24     23     80     81     24     23     79.6526      0.1500
hb-dihd     86    172      1      1     24     81     80     82     24     81     80     82     43.6537      0.1500
hb-dihd     86    172      1      1     81     24     23     25     81     24     23     25     69.7519      0.1500
hb-dist     87      1      1     81     30     81     30     -8.1000      5.6550      5.0000
hb-angl     87    173      1      1     80     81     30     80     81     30    161.7460      1.5000
hb-angl     87    174      1      1     29     30     81     29     30     81    142.3055      1.5000
hb-dihd     87    174      1      1     80     81     30     29     80     81     30     29     79.6526      0.1500
hb-dihd     87    174      1      1     30     81     80     82     30     81     80     82     43.6537      0.1500
hb-dihd     87    174      1      1     81     30     29     31     81     30     29     31     69.7519      0.1500
hb-dist     88      1      1     81     42     81     42     -8.1000      5.6550      5.0000
hb-angl     88    175      1      1     80     81     42     80     81     42    161.7460      1.5000
hb-angl     88    176      1      1     41     42     81     41     42     81    142.3055      1.5000
hb-dihd     88    176      1      1     80     81     42     41     80     81     42     41     79.6526      0.1500
hb-dihd     88    176      1      1     42     81     80     82     42     81     80     82     43.6537      0.1500
hb-dihd     88    176      1      1     81     42     41     43     81     42     41     43     69.7519      0.1500
hb-dist     89      1      1     81     45     81     45     -8.1000      5.6550      5.0000
hb-angl     89    177      1      1     80     81     45     80     81     45    161.7460      1.5000
hb-angl     89    178      1      1     44     45     81     44     45     81    142.3055      1.5000
hb-dihd     89    178      1      1     80     81     45     44     80     81     45     44     79.6526      0.1500
hb-dihd     89    178      1      1     45     81     80     82     45     81     80     82     43.6537      0.1500
hb-dihd     89    178      1      1     81     45     44     46     81     45     44     46     69.7519      0.1500
hb-dist     90      1      1     81     51     81     51     -8.1000      5.6550      5.0000
hb-angl     90    179      1      1     80     81     51     80     81     51    161.7460      1.5000
hb-angl     90    180      1      1     50     51     81     50     51     81    142.3055      1.5000
hb-dihd     90    180      1      1     80     81     51     50     80     81     51     50     79.6526      0.1500
hb-dihd     90    180      1      1     51     81     80     82     51     81     80     82     43.6537      0.1500
hb-dihd     90    180      1      1     81     51     50     52     81     51     50     52     69.7519      0.1500
hb-dist     91      1      1     81     66     81     66     -8.1000      5.6550      5.0000
hb-angl     91    181      1      1     80     81     66     80     81     66    161.7460      1.5000
hb-angl     91    182      1      1     65     66     81     65     66     81    142.3055      1.5000
hb-dihd     91    182      1      1     80     81     66     65     80     81     66     65     79.6526      0.1500
hb-dihd     91    182      1      1     66     81     80     82     66     81     80     82     43.6537      0.1500
hb-dihd     91    182      1      1     81     66     65     67     81     66     65     67     69.7519      0.1500
hb-dist     92      1      1     84      9     84      9     -8.1000      5.6550      5.0000
hb-angl     92    183      1      1     83     84      9     83     84      9    161.7460      1.5000
hb-angl     92    184      1      1      8      9     84      8      9     84    142.3055      1.5000
hb-dihd     92    184      1      1     83     84      9      8     83     84      9      8     79.6526      0.1500
hb-dihd     92    184      1      1      9     84     83     85      9     84     83     85     43.6537      0.1500
hb-dihd     92    184      1      1     84      9      8     10     84      9      8     10     69.7519      0.1500
hb-dist     93      1      1     84     15     84     15     -8.1000      5.6550      5.0000
hb-angl     93    185      1      1     83     84     15     83     84     15    161.7460      1.5000
hb-angl     93    186      1      1     14     15     84     14     15     84    142.3055      1.5000
hb-dihd     93    186      1      1     83     84     15     14     83     84     15     14     79.6526      0.1500
hb-dihd     93    186      1      1     15     84     83     85     15     84     83     85     43.6537      0.1500
hb-dihd     93    186      1      1     84     15     14     16     84     15     14     16     69.7519      0.1500
hb-dist     94      1      1     84     24     84     24     -8.1000      5.6550      5.0000
hb-angl     94    187      1      1     83     84     24     83     84     24    161.7460      1.5000
hb-angl     94    188      1      1     23     24     84     23     24     84    142.3055      1.5000
hb-dihd     94    188      1      1     83     84     24     23     83     84     24     23     79.6526      0.1500
hb-dihd     94    188      1      1     24     84     83     85     24     84     83     85     43.6537      0.1500
hb-dihd     94    188      1      1     84     24     23     25     84     24     23     25     69.7519      0.1500
hb-dist     95      1      1     84     33     84     33     -8.1000      5.6550      5.0000
hb-angl     95    189      1      1     83     84     33     83     84     33    161.7460      1.5000
hb-angl     95    190      1      1     32     33     84     32     33     84    142.3055      1.5000
hb-dihd     95    190      1      1     83     84     33     32     83     84     33     32     79.6526      0.1500
hb-dihd     95    190      1      1     33     84     83     85     33     84     83     85     43.6537      0.1500
hb-dihd     95    190      1      1     84     33     32     34     84     33     32     34     69.7519      0.1500
hb-dist     96      1      1     84     42     84     42     -8.1000      5.6550      5.0000
hb-angl     96    191      1      1     83     84     42     83     84     42    161.7460      1.5000
hb-angl     96    192      1      1     41     42     84     41     42     84    142.3055      1.5000
hb-dihd     96    192      1      1     83     84     42     41     83     84     42     41     79.6526      0.1500
hb-dihd     96    192      1      1     42     84     83     85     42     84     83     85     43.6537      0.1500
hb-dihd     96    192      1      1     84     42     41     43     84     42     41     43     69.7519      0.1500
hb-dist     97      1      1     84     45     84     45     -8.1000      5.6550      5.0000
hb-angl     97    193      1      1     83     84     45     83     84     45    161.7460      1.5000
hb-angl     97    194      1      1     44     45     84     44     45     84    142.3055      1.5000
hb-dihd     97    194      1      1     83     84     45     44     83     84     45     44     79.6526      0.1500
hb-dihd     97    194      1      1     45     84     83     85     45     84     83     85     43.6537      0.1500
hb-dihd     97    194      1      1     84     45     44     46     84     45     44     46     69.7519      0.1500
hb-dist     98      1      1     84     51     84     51     -8.1000      5.6550      5.0000
hb-angl     98    195      1      1     83     84     51     83     84     51    161.7460      1.5000
hb-angl     98    196      1      1     50     51     84     50     51     84    142.3055      1.5000
hb-dihd     98    196      1      1     83     84     51     50     83     84     51     50     79.6526      0.1500
hb-dihd     98    196      1      1     51     84     83     85     51     84     83     85     43.6537      0.1500
hb-dihd     98    196      1      1     84     51     50     52     84     51     50     52     69.7519      0.1500
hb-dist     99      1      1     84     66     84     66     -8.1000      5.6550      5.0000
hb-angl     99    197      1      1     83     84     66     83     84     66    161.7460      1.5000
hb-angl     99    198      1      1     65     66     84     65     66     84    142.3055      1.5000
hb-dihd     99    198      1      1     83     84     66     65     83     84     66     65     79.6526      0.1500
hb-dihd     99    198      1      1     66     84     83     85     66     84     83     85     43.6537      0.1500
hb-dihd     99    198      1      1     84     66     65     67     84     66     65     67     69.7519      0.1500
hb-dist    100      1      1      3     39      3     39     -5.4000      5.9234      5.0000
hb-angl    100    199      1      1      2      3     39      2      3     39    166.4500      1.5000
hb-angl    100    200      1      1     38     39      3     38     39      3    117.7084      1.5000
hb-dihd    100    200      1      1      2      3     39     38      2      3     39     38    123.0083      0.1500
hb-dihd    100    200      1      1     39      3      2      4     39      3      2      4    -30.7449      0.1500
hb-dihd    100    200      1      1      3     39     38     40      3     39     38     40     81.8642      0.1500
hb-dist    101      1      1      6     39      6     39     -5.4000      5.9234      5.0000
hb-angl    101    201      1      1      5      6     39      5      6     39    166.4500      1.5000
hb-angl    101    202      1      1     38     39      6     38     39      6    117.7084      1.5000
hb-dihd    101    202      1      1      5      6     39     38      5      6     39     38    123.0083      0.1500
hb-dihd    101    202      1      1     39      6      5      7     39      6      5      7    -30.7449      0.1500
hb-dihd    101    202      1      1      6     39     38     40      6     39     38     40     81.8642      0.1500
hb-dist    102      1      1     12     39     12     39     -5.4000      5.9234      5.0000
hb-angl    102    203      1      1     11     12     39     11     12     39    166.4500      1.5000
hb-angl    102    204      1      1     38     39     12     38     39     12    117.7084      1.5000
hb-dihd    102    204      1      1     11     12     39     38     11     12     39     38    123.0083      0.1500
hb-dihd    102    204      1      1     39     12     11     13     39     12     11     13    -30.7449      0.1500
hb-dihd    102    204      1      1     12     39     38     40     12     39     38     40     81.8642      0.1500
hb-dist    103      1      1     18     39     18     39     -5.4000      5.9234      5.0000
hb-angl    103    205      1      1     17     18     39     17     18     39    166.4500      1.5000
hb-angl    103    206      1      1     38     39     18     38     39     18    117.7084      1.5000
hb-dihd    103    206      1      1     17     18     39     38     17     18     39     38    123.0083      0.1500
hb-dihd    103    206      1      1     39     18     17     19     39     18     17     19    -30.7449      0.1500
hb-dihd    103    206      1      1     18     39     38     40     18     39     38     40     81.8642      0.1500
hb-dist    104      1      1     21     39     21     39     -5.4000      5.9234      5.0000
hb-angl    104    207      1      1     20     21     39     20     21     39    166.4500      1.5000
hb-angl    104    208      1      1     38     39     21     38     39     21    117.7084      1.5000
hb-dihd    104    208      1      1     20     21     39     38     20     21     39     38    123.0083      0.1500
hb-dihd    104    208      1      1     39     21     20     22     39     21     20     22    -30.7449      0.1500
hb-dihd    104    208      1      1     21     39     38     40     21     39     38     40     81.8642      0.1500
hb-dist    105      1      1     54     39     54     39     -5.4000      5.9234      5.0000
hb-angl    105    209      1      1     53     54     39     53     54     39    166.4500      1.5000
hb-angl    105    210      1      1     38     39     54     38     39     54    117.7084      1.5000
hb-dihd    105    210      1      1     53     54     39     38     53     54     39     38    123.0083      0.1500
hb-dihd    105    210      1      1     39     54     53     55     39     54     53     55    -30.7449      0.1500
hb-dihd    105    210      1      1     54     39     38     40     54     39     38     40     81.8642      0.1500
hb-dist    106      1      1     57     39     57     39     -5.4000      5.9234      5.0000
hb-angl    106    211      1      1     56     57     39     56     57     39    166.4500      1.5000
hb-angl    106    212      1      1     38     39     57     38     39     57    117.7084      1.5000
hb-dihd    106    212      1      1     56     57     39     38     56     57     39     38    123.0083      0.1500
hb-dihd    106    212      1      1     39     57     56     58     39     57     56     58    -30.7449      0.1500
hb-dihd    106    212      1      1     57     39     38     40     57     39     38     40     81.8642      0.1500
hb-dist    107      1      1     81     39     81     39     -5.4000      5.9234      5.0000
hb-angl    107    213      1      1     80     81     39     80     81     39    166.4500      1.5000
hb-angl    107    214      1      1     38     39     81     38     39     81    117.7084      1.5000
hb-dihd    107    214      1      1     80     81     39     38     80     81     39     38    123.0083      0.1500
hb-dihd    107    214      1      1     39     81     80     82     39     81     80     82    -30.7449      0.1500
hb-dihd    107    214      1      1     81     39     38     40     81     39     38     40     81.8642      0.1500
hb-dist    108      1      1     84     39     84     39     -5.4000      5.9234      5.0000
hb-angl    108    215      1      1     83     84     39     83     84     39    166.4500      1.5000
hb-angl    108    216      1      1     38     39     84     38     39     84    117.7084      1.5000
hb-dihd    108    216      1      1     83     84     39     38     83     84     39     38    123.0083      0.1500
hb-dihd    108    216      1      1     39     84     83     85     39     84     83     85    -30.7449      0.1500
hb-dihd    108    216      1      1     84     39     38     40     84     39     38     40     81.8642      0.1500
