****************************************************************************
                DSSR: an Integrated Software Tool for
               Dissecting the Spatial Structure of RNA
               v1.5.2-2016apr02, by xiangjun@x3dna.org

   This program is being actively maintained and developed. As always,
   I greatly appreciate your feedback! Please report all DSSR-related
   issues on the 3DNA Forum (forum.x3dna.org). I strive to respond
   *promptly* to *any questions* posted there.

****************************************************************************
Note: Each nucleotide is identified by model:chainId.name#, where the
      'model:' portion is omitted if no model number is available (as
      is often the case for x-ray crystal structures in the PDB). So a
      common example would be B.A1689, meaning adenosine #1689 on
      chain B. One-letter base names for modified nucleotides are put
      in lower case (e.g., 'c' for 5MC). For further information about
      the output notation, please refer to the DSSR User Manual.
      Questions and suggestions are always welcome on the 3DNA Forum.

Command: x3dna-dssr -i=1zih_1.pdb --non-pair --prefix=1zih.dssr -o=1zih.dssr.out
Date and time: Wed Jan 11 15:15:41 2017
File name: 1zih_1.pdb
    no. of DNA/RNA chains: 1 [A=12]
    no. of nucleotides:    12
    no. of atoms:          389
    no. of waters:         0
    no. of metals:         0

****************************************************************************
List of 5 base pairs
      nt1            nt2           bp  name        Saenger    LW  DSSR
   1 A.G1           A.U12          G-U Wobble      28-XXVIII cWW  cW-W
   2 A.G2           A.C11          G-C WC          19-XIX    cWW  cW-W
   3 A.G3           A.C10          G-C WC          19-XIX    cWW  cW-W
   4 A.C4           A.G9           C-G WC          19-XIX    cWW  cW-W
   5 A.G5           A.A8           G-A --          n/a       tSH  tm-M

****************************************************************************
List of 1 helix
  Note: a helix is defined by base-stacking interactions, regardless of bp
        type and backbone connectivity, and may contain more than one stem.
      helix#number[stems-contained] bps=number-of-base-pairs in the helix
      bp-type: '|' for a canonical WC/wobble pair, '.' otherwise
      helix-form: classification of a dinucleotide step comprising the bp
        above the given designation and the bp that follows it. Types
        include 'A', 'B' or 'Z' for the common A-, B- and Z-form helices,
        '.' for an unclassified step, and 'x' for a step without a
        continuous backbone.
      --------------------------------------------------------------------
  helix#1[1] bps=5
      strand-1 5'-GGGCG-3'
       bp-type    ||||.
      strand-2 3'-UCCGA-5'
      helix-form  .AA.
   1 A.G1           A.U12          G-U Wobble       28-XXVIII cWW  cW-W
   2 A.G2           A.C11          G-C WC           19-XIX    cWW  cW-W
   3 A.G3           A.C10          G-C WC           19-XIX    cWW  cW-W
   4 A.C4           A.G9           C-G WC           19-XIX    cWW  cW-W
   5 A.G5           A.A8           G-A --           n/a       tSH  tm-M

****************************************************************************
List of 1 stem
  Note: a stem is defined as a helix consisting of only canonical WC/wobble
        pairs, with a continuous backbone.
      stem#number[#helix-number containing this stem]
      Other terms are defined as in the above Helix section.
      --------------------------------------------------------------------
  stem#1[#1] bps=4
      strand-1 5'-GGGC-3'
       bp-type    ||||
      strand-2 3'-UCCG-5'
      helix-form  .AA
   1 A.G1           A.U12          G-U Wobble       28-XXVIII cWW  cW-W
   2 A.G2           A.C11          G-C WC           19-XIX    cWW  cW-W
   3 A.G3           A.C10          G-C WC           19-XIX    cWW  cW-W
   4 A.C4           A.G9           C-G WC           19-XIX    cWW  cW-W

****************************************************************************
List of 12 non-pairing interactions
   1 A.G1  A.G2  stacking: 4.3(2.7)--pm(>>,forward) interBase-angle=5 connected min_baseDist=3.24
   2 A.G2  A.G3  stacking: 2.4(1.0)--pm(>>,forward) interBase-angle=7 connected min_baseDist=3.14
   3 A.G3  A.C4  stacking: 6.6(3.9)--pm(>>,forward) interBase-angle=14 connected min_baseDist=3.01
   4 A.C4  A.G5  stacking: 3.7(2.0)--pm(>>,forward) interBase-angle=13 connected min_baseDist=2.97
   5 A.G5  A.A7  H-bonds[1]: "O2'(hydroxyl)-N6(amino)[2.47]" min_baseDist=3.56
   6 A.G5  A.G9  stacking: 1.1(0.0)--mm(<>,outward) interBase-angle=6 min_baseDist=3.05
   7 A.C6  A.A7  stacking: 6.1(3.0)--pm(>>,forward) interBase-angle=15 connected min_baseDist=3.01
   8 A.A7  A.A8  stacking: 5.2(3.9)--pm(>>,forward) interBase-angle=8 connected min_baseDist=2.96
   9 A.A8  A.G9  stacking: 1.0(0.0)--pm(>>,forward) interBase-angle=23 connected min_baseDist=3.16
  10 A.G9  A.C10 stacking: 6.3(3.5)--pm(>>,forward) interBase-angle=11 connected min_baseDist=3.15
  11 A.C10 A.C11 stacking: 2.7(1.1)--pm(>>,forward) interBase-angle=6 connected min_baseDist=2.92
  12 A.C11 A.U12 stacking: 2.2(0.9)--pm(>>,forward) interBase-angle=1 connected min_baseDist=3.05

****************************************************************************
List of 2 stacks
  Note: a stack is an ordered list of nucleotides assembled together via
        base-stacking interactions, regardless of backbone connectivity.
        Stacking interactions within a stem are *not* included.
        --------------------------------------------------------------------
   1 nts=2 CG A.C4,A.G5
   2 nts=4 CAAG A.C6,A.A7,A.A8,A.G9

****************************************************************************
List of 1 atom-base capping interaction
    dv: vertical distance of the atom above the nucleotide base
    -----------------------------------------------------------
     type       atom                 nt             dv
   1 phosphate  OP2@A.A7             A.G5           2.65

****************************************************************************
Note: for the various types of loops listed below, numbers within the first
      set of brackets are the number of loop nts, and numbers in the second
      set of brackets are the identities of the stems (positive number) or
      isolated WC/wobble pairs (negative numbers) to which they are linked.

****************************************************************************
List of 1 hairpin loop
   1 hairpin loop: nts=6; [4]; linked by [#1]
     nts=6 CGCAAG A.C4,A.G5,A.C6,A.A7,A.A8,A.G9
       nts=4 GCAA A.G5,A.C6,A.A7,A.A8

****************************************************************************
Secondary structures in dot-bracket notation (dbn) as a whole and per chain
>1zih_1 nts=12 [whole]
GGGCGCAAGCCU
((((....))))
>1zih_1-A #1 nts=12 [chain] RNA
GGGCGCAAGCCU
((((....))))

****************************************************************************
Summary of structural features of 12 nucleotides
  Note: the first five columns are: (1) serial number, (2) one-letter
    shorthand name, (3) dbn, (4) id string, (5) rmsd (~zero) of base
    ring atoms fitted against those in a standard base reference
    frame. The sixth (last) column contains a comma-separated list of
    features whose meanings are mostly self-explanatory, except for:
      turn: angle C1'(i-1)--C1'(i)--C1'(i+1) < 90 degrees
      break: no backbone linkage between O3'(i-1) and P(i)
   1  G ( A.G1  0.019  anti,~C3'-endo,BI,canonical,non-pair-contact,helix,stem
   2  G ( A.G2  0.019  anti,~C3'-endo,BI,canonical,non-pair-contact,helix,stem
   3  G ( A.G3  0.018  anti,~C3'-endo,BI,canonical,non-pair-contact,helix,stem
   4  C ( A.C4  0.008  anti,~C3'-endo,BI,canonical,non-pair-contact,helix,stem,hairpin-loop
   5  G . A.G5  0.018  u-turn,anti,~C3'-endo,non-canonical,non-pair-contact,helix,hairpin-loop,cap-acceptor
   6  C . A.C6  0.008  turn,u-turn,anti,~C3'-endo,BI,non-pair-contact,hairpin-loop
   7  A . A.A7  0.019  u-turn,anti,~C3'-endo,BI,non-pair-contact,hairpin-loop,cap-donor,phosphate
   8  A . A.A8  0.020  u-turn,anti,~C3'-endo,non-canonical,non-pair-contact,helix,hairpin-loop,phosphate
   9  G ) A.G9  0.018  anti,~C3'-endo,BI,canonical,non-pair-contact,helix,stem,hairpin-loop
  10  C ) A.C10 0.007  anti,~C3'-endo,BI,canonical,non-pair-contact,helix,stem
  11  C ) A.C11 0.007  anti,~C3'-endo,BI,canonical,non-pair-contact,helix,stem
  12  U ) A.U12 0.015  anti,~C3'-endo,canonical,non-pair-contact,helix,stem

****************************************************************************
List of 10 additional files
   1 1zih.dssr-stems.pdb -- an ensemble of stems
   2 1zih.dssr-helices.pdb -- an ensemble of helices (coaxial stacking)
   3 1zih.dssr-pairs.pdb -- an ensemble of base pairs
   4 1zih.dssr-hairpins.pdb -- an ensemble of hairpin loops
   5 1zih.dssr-2ndstrs.bpseq -- secondary structure in bpseq format
   6 1zih.dssr-2ndstrs.ct -- secondary structure in connect table format
   7 1zih.dssr-2ndstrs.dbn -- secondary structure in dot-bracket notation
   8 1zih.dssr-torsions.txt -- backbone torsion angles and suite names
   9 1zih.dssr-stacks.pdb -- an ensemble of stacks
  10 1zih.dssr-atom2bases.pdb -- an ensemble of atom-base stacking interactions

****************************************************************************
Time used: 00:00:00:00
