S   +2   -3  1.288  3.75  34.77   9.10
S   +3   -4  2.000  3.48  23.97   4.89
S   +5   -6  1.956  3.53  10.50  17.47
S  +10  -11  1.188  3.88  33.99   3.49
S  +11  -12  0.772  4.13  39.49   7.31
S  +12  -13  1.403  4.06  15.50  36.75
S  +13  -14  1.641  3.78   9.22  23.04
S  +15  -16  0.840  4.12  38.07  28.20
S  +16  -17  2.000  3.29  10.17  10.94
S  +18  -19  2.000  3.32  12.01  12.35
S  +19  -20  1.177  4.45  23.61   9.92
S  +20  -21  0.589  4.54  38.75   7.79
S  +21  -22  2.000  3.08  12.95   5.26
S  +22  +23  1.204  4.39  20.01  44.50
S  +29  -30  1.270  4.26  25.06  39.19
S  +30  -31  1.711  3.72  10.75  16.71
S  +31  -32  1.506  3.93   6.89  16.11
S  +32  -33  1.238  4.33  21.65  11.21
S  +34  -35  2.000  3.31  13.20   9.99
T   -2  -21   0.68  4.51  36.92  29.85
T   -5  -18   0.62  4.25  41.41  17.16
T  -10  -34   1.07  4.01  34.26  11.91
T  -12  -32   0.57  4.94  35.99  27.46
